{"meta": {"format": 3, "version": "7.15.2", "timestamp": "2026-07-25T13:35:21.488048", "branch_coverage": false, "show_contexts": false}, "files": {"fusion_multi_node/__init__.py": {"executed_lines": [8, 9], "summary": {"covered_lines": 2, "num_statements": 2, "percent_covered": 100.0, "percent_covered_display": "100", "missing_lines": 0, "excluded_lines": 0, "percent_statements_covered": 100.0, "percent_statements_covered_display": "100"}, "missing_lines": [], "excluded_lines": [], "functions": {"": {"executed_lines": [8, 9], "summary": {"covered_lines": 2, "num_statements": 2, "percent_covered": 100.0, "percent_covered_display": "100", "missing_lines": 0, "excluded_lines": 0, "percent_statements_covered": 100.0, "percent_statements_covered_display": "100"}, "missing_lines": [], "excluded_lines": [], "start_line": 1}}, "classes": {"": {"executed_lines": [8, 9], "summary": {"covered_lines": 2, "num_statements": 2, "percent_covered": 100.0, "percent_covered_display": "100", "missing_lines": 0, "excluded_lines": 0, "percent_statements_covered": 100.0, "percent_statements_covered_display": "100"}, "missing_lines": [], "excluded_lines": [], "start_line": 1}}}, "fusion_multi_node/agent/__init__.py": {"executed_lines": [3, 5], "summary": {"covered_lines": 2, "num_statements": 2, "percent_covered": 100.0, "percent_covered_display": "100", "missing_lines": 0, "excluded_lines": 0, "percent_statements_covered": 100.0, "percent_statements_covered_display": "100"}, "missing_lines": [], "excluded_lines": [], "functions": {"": {"executed_lines": [3, 5], "summary": {"covered_lines": 2, "num_statements": 2, "percent_covered": 100.0, "percent_covered_display": "100", "missing_lines": 0, "excluded_lines": 0, "percent_statements_covered": 100.0, "percent_statements_covered_display": "100"}, "missing_lines": [], "excluded_lines": [], "start_line": 1}}, "classes": {"": {"executed_lines": [3, 5], "summary": {"covered_lines": 2, "num_statements": 2, "percent_covered": 100.0, "percent_covered_display": "100", "missing_lines": 0, "excluded_lines": 0, "percent_statements_covered": 100.0, "percent_statements_covered_display": "100"}, "missing_lines": [], "excluded_lines": [], "start_line": 1}}}, "fusion_multi_node/agent/node_agent.py": {"executed_lines": [12, 14, 15, 16, 17, 18, 19, 20, 21, 22, 23, 24, 26, 29, 30, 32, 33, 34, 35, 36, 37, 38, 39, 42, 48, 49, 50, 51, 52, 56, 58, 60, 61, 64, 67, 68, 70, 90, 92, 93, 94, 95, 96, 97, 98, 99, 100, 115, 117, 118, 119, 120, 124, 126, 128, 129, 133, 134, 135, 140, 142, 143, 144, 145, 146, 147, 148, 154, 156, 157, 158, 159, 160, 168, 169, 170, 171, 173, 175, 176, 177, 178, 179, 197, 198, 199, 200, 204, 215, 216, 217, 218, 220, 221, 222, 223, 224, 225, 226, 228, 229, 230, 231, 233, 234, 236, 238, 239, 240, 242, 243, 245, 246, 253, 254, 258, 259, 261, 268, 270, 271, 273, 274, 276, 277, 281, 282, 284, 291, 293, 294, 296, 297, 298, 302, 306, 308, 309, 310, 311, 320, 321, 322, 323, 327, 329, 330, 332, 336, 339, 341, 343, 348, 350, 352, 353, 355, 357, 358, 359, 361, 363, 364, 365, 366, 370, 372, 373, 374, 375, 376, 377, 378, 379, 380, 381, 383, 384, 385, 386, 387], "summary": {"covered_lines": 181, "num_statements": 202, "percent_covered": 89.60396039603961, "percent_covered_display": "90", "missing_lines": 21, "excluded_lines": 0, "percent_statements_covered": 89.60396039603961, "percent_statements_covered_display": "90"}, "missing_lines": [101, 102, 104, 105, 109, 110, 111, 112, 113, 121, 122, 123, 136, 137, 138, 149, 150, 333, 344, 345, 346], "excluded_lines": [], "functions": {"NodeAgent.__init__": {"executed_lines": [49, 50, 51, 52], "summary": {"covered_lines": 4, "num_statements": 4, "percent_covered": 100.0, "percent_covered_display": "100", "missing_lines": 0, "excluded_lines": 0, "percent_statements_covered": 100.0, "percent_statements_covered_display": "100"}, "missing_lines": [], "excluded_lines": [], "start_line": 48}, "NodeAgent.collect_hardware_info": {"executed_lines": [58, 60, 61, 64, 67, 68, 70], "summary": {"covered_lines": 7, "num_statements": 7, "percent_covered": 100.0, "percent_covered_display": "100", "missing_lines": 0, "excluded_lines": 0, "percent_statements_covered": 100.0, "percent_statements_covered_display": "100"}, "missing_lines": [], "excluded_lines": [], "start_line": 56}, "NodeAgent._get_local_ip": {"executed_lines": [92, 93, 94, 95, 96, 97, 98, 99, 100], "summary": {"covered_lines": 9, "num_statements": 18, "percent_covered": 50.0, "percent_covered_display": "50", "missing_lines": 9, "excluded_lines": 0, "percent_statements_covered": 50.0, "percent_statements_covered_display": "50"}, "missing_lines": [101, 102, 104, 105, 109, 110, 111, 112, 113], "excluded_lines": [], "start_line": 90}, "NodeAgent._get_mlx_version": {"executed_lines": [117, 118, 119, 120, 124], "summary": {"covered_lines": 5, "num_statements": 8, "percent_covered": 62.5, "percent_covered_display": "62", "missing_lines": 3, "excluded_lines": 0, "percent_statements_covered": 62.5, "percent_statements_covered_display": "62"}, "missing_lines": [121, 122, 123], "excluded_lines": [], "start_line": 115}, "NodeAgent._get_gpu_cores": {"executed_lines": [128, 129, 133, 134, 135], "summary": {"covered_lines": 5, "num_statements": 8, "percent_covered": 62.5, "percent_covered_display": "62", "missing_lines": 3, "excluded_lines": 0, "percent_statements_covered": 62.5, "percent_statements_covered_display": "62"}, "missing_lines": [136, 137, 138], "excluded_lines": [], "start_line": 126}, "NodeAgent._check_service": {"executed_lines": [142, 143, 144, 145, 146, 147, 148], "summary": {"covered_lines": 7, "num_statements": 9, "percent_covered": 77.77777777777777, "percent_covered_display": "78", "missing_lines": 2, "excluded_lines": 0, "percent_statements_covered": 77.77777777777777, "percent_statements_covered_display": "78"}, "missing_lines": [149, 150], "excluded_lines": [], "start_line": 140}, "NodeAgent.send_heartbeat": {"executed_lines": [156, 157, 158, 159, 160, 168, 169, 170, 171], "summary": {"covered_lines": 9, "num_statements": 9, "percent_covered": 100.0, "percent_covered_display": "100", "missing_lines": 0, "excluded_lines": 0, "percent_statements_covered": 100.0, "percent_statements_covered_display": "100"}, "missing_lines": [], "excluded_lines": [], "start_line": 154}, "NodeAgent.report_hardware": {"executed_lines": [175, 176, 177, 178, 179, 197, 198, 199, 200], "summary": {"covered_lines": 9, "num_statements": 9, "percent_covered": 100.0, "percent_covered_display": "100", "missing_lines": 0, "excluded_lines": 0, "percent_statements_covered": 100.0, "percent_statements_covered_display": "100"}, "missing_lines": [], "excluded_lines": [], "start_line": 173}, "NodeAgent.execute_task": {"executed_lines": [215, 216, 217, 218, 220, 221, 222, 223, 224, 225, 226, 228, 229, 230, 231, 233, 234], "summary": {"covered_lines": 17, "num_statements": 17, "percent_covered": 100.0, "percent_covered_display": "100", "missing_lines": 0, "excluded_lines": 0, "percent_statements_covered": 100.0, "percent_statements_covered_display": "100"}, "missing_lines": [], "excluded_lines": [], "start_line": 204}, "NodeAgent._execute_inference": {"executed_lines": [238, 239, 240, 242, 243, 245, 246, 253, 254, 258, 259, 261], "summary": {"covered_lines": 12, "num_statements": 12, "percent_covered": 100.0, "percent_covered_display": "100", "missing_lines": 0, "excluded_lines": 0, "percent_statements_covered": 100.0, "percent_statements_covered_display": "100"}, "missing_lines": [], "excluded_lines": [], "start_line": 236}, "NodeAgent._execute_embedding": {"executed_lines": [270, 271, 273, 274, 276, 277, 281, 282, 284], "summary": {"covered_lines": 9, "num_statements": 9, "percent_covered": 100.0, "percent_covered_display": "100", "missing_lines": 0, "excluded_lines": 0, "percent_statements_covered": 100.0, "percent_statements_covered_display": "100"}, "missing_lines": [], "excluded_lines": [], "start_line": 268}, "NodeAgent._execute_plugin": {"executed_lines": [293, 294, 296, 297, 298, 302], "summary": {"covered_lines": 6, "num_statements": 6, "percent_covered": 100.0, "percent_covered_display": "100", "missing_lines": 0, "excluded_lines": 0, "percent_statements_covered": 100.0, "percent_statements_covered_display": "100"}, "missing_lines": [], "excluded_lines": [], "start_line": 291}, "NodeAgent.report_fault": {"executed_lines": [308, 309, 310, 311, 320, 321, 322, 323], "summary": {"covered_lines": 8, "num_statements": 8, "percent_covered": 100.0, "percent_covered_display": "100", "missing_lines": 0, "excluded_lines": 0, "percent_statements_covered": 100.0, "percent_statements_covered_display": "100"}, "missing_lines": [], "excluded_lines": [], "start_line": 306}, "NodeAgent.start": {"executed_lines": [329, 330, 332, 336, 339, 341, 343], "summary": {"covered_lines": 7, "num_statements": 11, "percent_covered": 63.63636363636363, "percent_covered_display": "64", "missing_lines": 4, "excluded_lines": 0, "percent_statements_covered": 63.63636363636363, "percent_statements_covered_display": "64"}, "missing_lines": [333, 344, 345, 346], "excluded_lines": [], "start_line": 327}, "NodeAgent.stop": {"executed_lines": [350, 352, 353], "summary": {"covered_lines": 3, "num_statements": 3, "percent_covered": 100.0, "percent_covered_display": "100", "missing_lines": 0, "excluded_lines": 0, "percent_statements_covered": 100.0, "percent_statements_covered_display": "100"}, "missing_lines": [], "excluded_lines": [], "start_line": 348}, "NodeAgent._heartbeat_loop": {"executed_lines": [357, 358, 359], "summary": {"covered_lines": 3, "num_statements": 3, "percent_covered": 100.0, "percent_covered_display": "100", "missing_lines": 0, "excluded_lines": 0, "percent_statements_covered": 100.0, "percent_statements_covered_display": "100"}, "missing_lines": [], "excluded_lines": [], "start_line": 355}, "NodeAgent._hardware_report_loop": {"executed_lines": [363, 364, 365, 366], "summary": {"covered_lines": 4, "num_statements": 4, "percent_covered": 100.0, "percent_covered_display": "100", "missing_lines": 0, "excluded_lines": 0, "percent_statements_covered": 100.0, "percent_statements_covered_display": "100"}, "missing_lines": [], "excluded_lines": [], "start_line": 361}, "NodeAgent._discover_master": {"executed_lines": [372, 373, 374, 375, 376, 377, 378, 379, 380, 381, 383, 384, 385, 386, 387], "summary": {"covered_lines": 15, "num_statements": 15, "percent_covered": 100.0, "percent_covered_display": "100", "missing_lines": 0, "excluded_lines": 0, "percent_statements_covered": 100.0, "percent_statements_covered_display": "100"}, "missing_lines": [], "excluded_lines": [], "start_line": 370}, "": {"executed_lines": [12, 14, 15, 16, 17, 18, 19, 20, 21, 22, 23, 24, 26, 29, 30, 32, 33, 34, 35, 36, 37, 38, 39, 42, 48, 56, 90, 115, 126, 140, 154, 173, 204, 236, 268, 291, 306, 327, 348, 355, 361, 370], "summary": {"covered_lines": 42, "num_statements": 42, "percent_covered": 100.0, "percent_covered_display": "100", "missing_lines": 0, "excluded_lines": 0, "percent_statements_covered": 100.0, "percent_statements_covered_display": "100"}, "missing_lines": [], "excluded_lines": [], "start_line": 1}}, "classes": {"AgentConfig": {"executed_lines": [], "summary": {"covered_lines": 0, "num_statements": 0, "percent_covered": 100.0, "percent_covered_display": "100", "missing_lines": 0, "excluded_lines": 0, "percent_statements_covered": 100.0, "percent_statements_covered_display": "100"}, "missing_lines": [], "excluded_lines": [], "start_line": 30}, "NodeAgent": {"executed_lines": [49, 50, 51, 52, 58, 60, 61, 64, 67, 68, 70, 92, 93, 94, 95, 96, 97, 98, 99, 100, 117, 118, 119, 120, 124, 128, 129, 133, 134, 135, 142, 143, 144, 145, 146, 147, 148, 156, 157, 158, 159, 160, 168, 169, 170, 171, 175, 176, 177, 178, 179, 197, 198, 199, 200, 215, 216, 217, 218, 220, 221, 222, 223, 224, 225, 226, 228, 229, 230, 231, 233, 234, 238, 239, 240, 242, 243, 245, 246, 253, 254, 258, 259, 261, 270, 271, 273, 274, 276, 277, 281, 282, 284, 293, 294, 296, 297, 298, 302, 308, 309, 310, 311, 320, 321, 322, 323, 329, 330, 332, 336, 339, 341, 343, 350, 352, 353, 357, 358, 359, 363, 364, 365, 366, 372, 373, 374, 375, 376, 377, 378, 379, 380, 381, 383, 384, 385, 386, 387], "summary": {"covered_lines": 139, "num_statements": 160, "percent_covered": 86.875, "percent_covered_display": "87", "missing_lines": 21, "excluded_lines": 0, "percent_statements_covered": 86.875, "percent_statements_covered_display": "87"}, "missing_lines": [101, 102, 104, 105, 109, 110, 111, 112, 113, 121, 122, 123, 136, 137, 138, 149, 150, 333, 344, 345, 346], "excluded_lines": [], "start_line": 42}, "": {"executed_lines": [12, 14, 15, 16, 17, 18, 19, 20, 21, 22, 23, 24, 26, 29, 30, 32, 33, 34, 35, 36, 37, 38, 39, 42, 48, 56, 90, 115, 126, 140, 154, 173, 204, 236, 268, 291, 306, 327, 348, 355, 361, 370], "summary": {"covered_lines": 42, "num_statements": 42, "percent_covered": 100.0, "percent_covered_display": "100", "missing_lines": 0, "excluded_lines": 0, "percent_statements_covered": 100.0, "percent_statements_covered_display": "100"}, "missing_lines": [], "excluded_lines": [], "start_line": 1}}}, "fusion_multi_node/cli.py": {"executed_lines": [3, 5, 6, 7, 8, 9, 10, 12, 14, 15, 16, 17, 18, 19, 20, 21, 23, 25, 26, 27, 28, 31, 32, 33, 34, 36, 37, 42, 43, 45, 48, 49, 50, 52, 55, 56, 57, 59, 60, 61, 63, 64, 65, 67, 68, 74, 75, 76, 79, 80, 83, 84, 85, 87, 88, 89, 90, 91, 93, 94, 95, 96, 97, 98, 99, 100, 101, 102, 103, 104, 105, 106, 109, 110, 111, 112, 113, 114, 115, 117, 118, 119, 122, 126, 163, 164, 165, 167, 170, 171, 173, 174, 175, 177, 178, 179, 181, 182, 183, 185, 186, 187, 188, 190, 191, 196, 197, 199, 202, 203, 204, 205, 207, 210, 213, 214, 218, 219, 221, 222, 223, 224, 225, 227, 228, 231, 232, 235, 236, 238, 241, 244, 245, 246, 247, 248, 249, 251, 254, 255, 257, 258, 260, 261, 262, 263, 264, 265, 266, 267, 268, 269, 270, 275, 276, 278, 281, 282, 283, 284, 285, 286, 287, 289, 292, 293, 295, 303, 304, 305, 306, 307, 308, 310, 313, 314, 316, 317, 319, 320, 321, 323, 324, 325, 327, 328, 329, 330, 331, 332, 340, 343, 344, 347, 348, 349, 351, 352, 353, 354, 355, 356, 357, 362, 363, 365, 368, 369, 371, 372, 373, 374, 375, 378, 379, 380, 382, 383, 384, 386, 389, 390, 391, 392, 394, 395, 396, 397, 398, 399, 402, 404, 405, 409, 414, 415, 417, 420, 421, 423, 426, 427, 428, 429, 431, 432, 434, 435, 436, 438, 439, 441, 442, 443, 446, 447, 448, 449, 450, 451, 452, 457, 458, 460, 463, 464, 465, 467, 470, 471, 472, 473, 475, 476, 478, 479, 480, 484, 485, 486, 487, 492, 493, 495, 498, 499, 501, 502, 503, 504, 505, 508, 509, 510, 511, 513, 516, 517, 518, 519, 520, 524, 525, 526, 529, 533], "summary": {"covered_lines": 306, "num_statements": 333, "percent_covered": 91.89189189189189, "percent_covered_display": "92", "missing_lines": 27, "excluded_lines": 0, "percent_statements_covered": 91.89189189189189, "percent_statements_covered_display": "92"}, "missing_lines": [131, 133, 134, 135, 136, 137, 138, 140, 141, 142, 147, 148, 149, 151, 152, 153, 154, 155, 156, 157, 158, 159, 160, 521, 522, 530, 534], "excluded_lines": [], "functions": {"cli": {"executed_lines": [36, 37], "summary": {"covered_lines": 2, "num_statements": 2, "percent_covered": 100.0, "percent_covered_display": "100", "missing_lines": 0, "excluded_lines": 0, "percent_statements_covered": 100.0, "percent_statements_covered_display": "100"}, "missing_lines": [], "excluded_lines": [], "start_line": 34}, "node": {"executed_lines": [45], "summary": {"covered_lines": 1, "num_statements": 1, "percent_covered": 100.0, "percent_covered_display": "100", "missing_lines": 0, "excluded_lines": 0, "percent_statements_covered": 100.0, "percent_statements_covered_display": "100"}, "missing_lines": [], "excluded_lines": [], "start_line": 43}, "list_nodes": {"executed_lines": [52], "summary": {"covered_lines": 1, "num_statements": 1, "percent_covered": 100.0, "percent_covered_display": "100", "missing_lines": 0, "excluded_lines": 0, "percent_statements_covered": 100.0, "percent_statements_covered_display": "100"}, "missing_lines": [], "excluded_lines": [], "start_line": 50}, "_async_list_nodes": {"executed_lines": [56, 57, 59, 60, 61, 63, 64, 65, 67, 68, 74, 75, 76, 79, 80], "summary": {"covered_lines": 15, "num_statements": 15, "percent_covered": 100.0, "percent_covered_display": "100", "missing_lines": 0, "excluded_lines": 0, "percent_statements_covered": 100.0, "percent_statements_covered_display": "100"}, "missing_lines": [], "excluded_lines": [], "start_line": 55}, "node_info": {"executed_lines": [87, 88, 89, 90, 91, 93, 94, 95, 96, 97, 98, 99, 100, 101, 102, 103, 104, 105, 106], "summary": {"covered_lines": 19, "num_statements": 19, "percent_covered": 100.0, "percent_covered_display": "100", "missing_lines": 0, "excluded_lines": 0, "percent_statements_covered": 100.0, "percent_statements_covered_display": "100"}, "missing_lines": [], "excluded_lines": [], "start_line": 85}, "node_start": {"executed_lines": [122], "summary": {"covered_lines": 1, "num_statements": 1, "percent_covered": 100.0, "percent_covered_display": "100", "missing_lines": 0, "excluded_lines": 0, "percent_statements_covered": 100.0, "percent_statements_covered_display": "100"}, "missing_lines": [], "excluded_lines": [], "start_line": 119}, "_async_node_start": {"executed_lines": [], "summary": {"covered_lines": 0, "num_statements": 23, "percent_covered": 0.0, "percent_covered_display": "0", "missing_lines": 23, "excluded_lines": 0, "percent_statements_covered": 0.0, "percent_statements_covered_display": "0"}, "missing_lines": [131, 133, 134, 135, 136, 137, 138, 140, 141, 142, 147, 148, 149, 151, 152, 153, 154, 155, 156, 157, 158, 159, 160], "excluded_lines": [], "start_line": 126}, "node_discover": {"executed_lines": [167], "summary": {"covered_lines": 1, "num_statements": 1, "percent_covered": 100.0, "percent_covered_display": "100", "missing_lines": 0, "excluded_lines": 0, "percent_statements_covered": 100.0, "percent_statements_covered_display": "100"}, "missing_lines": [], "excluded_lines": [], "start_line": 165}, "_async_node_discover": {"executed_lines": [171, 173, 174, 175, 177, 178, 179, 181, 182, 183, 185, 186, 187, 188, 190, 191], "summary": {"covered_lines": 16, "num_statements": 16, "percent_covered": 100.0, "percent_covered_display": "100", "missing_lines": 0, "excluded_lines": 0, "percent_statements_covered": 100.0, "percent_statements_covered_display": "100"}, "missing_lines": [], "excluded_lines": [], "start_line": 170}, "cluster": {"executed_lines": [199], "summary": {"covered_lines": 1, "num_statements": 1, "percent_covered": 100.0, "percent_covered_display": "100", "missing_lines": 0, "excluded_lines": 0, "percent_statements_covered": 100.0, "percent_statements_covered_display": "100"}, "missing_lines": [], "excluded_lines": [], "start_line": 197}, "cluster_start": {"executed_lines": [207], "summary": {"covered_lines": 1, "num_statements": 1, "percent_covered": 100.0, "percent_covered_display": "100", "missing_lines": 0, "excluded_lines": 0, "percent_statements_covered": 100.0, "percent_statements_covered_display": "100"}, "missing_lines": [], "excluded_lines": [], "start_line": 205}, "_async_cluster_start": {"executed_lines": [213, 214, 218, 219, 221, 222, 223, 224, 225, 227, 228, 231, 232], "summary": {"covered_lines": 13, "num_statements": 13, "percent_covered": 100.0, "percent_covered_display": "100", "missing_lines": 0, "excluded_lines": 0, "percent_statements_covered": 100.0, "percent_statements_covered_display": "100"}, "missing_lines": [], "excluded_lines": [], "start_line": 210}, "cluster_stop": {"executed_lines": [238], "summary": {"covered_lines": 1, "num_statements": 1, "percent_covered": 100.0, "percent_covered_display": "100", "missing_lines": 0, "excluded_lines": 0, "percent_statements_covered": 100.0, "percent_statements_covered_display": "100"}, "missing_lines": [], "excluded_lines": [], "start_line": 236}, "_async_cluster_stop": {"executed_lines": [244, 245, 246, 247, 248, 249, 251], "summary": {"covered_lines": 7, "num_statements": 7, "percent_covered": 100.0, "percent_covered_display": "100", "missing_lines": 0, "excluded_lines": 0, "percent_statements_covered": 100.0, "percent_statements_covered_display": "100"}, "missing_lines": [], "excluded_lines": [], "start_line": 241}, "cluster_status": {"executed_lines": [257, 258, 260, 261, 262, 263, 264, 265, 266, 267, 268, 269, 270], "summary": {"covered_lines": 13, "num_statements": 13, "percent_covered": 100.0, "percent_covered_display": "100", "missing_lines": 0, "excluded_lines": 0, "percent_statements_covered": 100.0, "percent_statements_covered_display": "100"}, "missing_lines": [], "excluded_lines": [], "start_line": 255}, "task": {"executed_lines": [278], "summary": {"covered_lines": 1, "num_statements": 1, "percent_covered": 100.0, "percent_covered_display": "100", "missing_lines": 0, "excluded_lines": 0, "percent_statements_covered": 100.0, "percent_statements_covered_display": "100"}, "missing_lines": [], "excluded_lines": [], "start_line": 276}, "task_submit": {"executed_lines": [289], "summary": {"covered_lines": 1, "num_statements": 1, "percent_covered": 100.0, "percent_covered_display": "100", "missing_lines": 0, "excluded_lines": 0, "percent_statements_covered": 100.0, "percent_statements_covered_display": "100"}, "missing_lines": [], "excluded_lines": [], "start_line": 287}, "_async_task_submit": {"executed_lines": [293, 295, 303, 304, 305, 306, 307, 308, 310], "summary": {"covered_lines": 9, "num_statements": 9, "percent_covered": 100.0, "percent_covered_display": "100", "missing_lines": 0, "excluded_lines": 0, "percent_statements_covered": 100.0, "percent_statements_covered_display": "100"}, "missing_lines": [], "excluded_lines": [], "start_line": 292}, "task_list": {"executed_lines": [316, 317, 319, 320, 321, 323, 324, 325, 327, 328, 329, 330, 331, 332, 340, 343, 344], "summary": {"covered_lines": 17, "num_statements": 17, "percent_covered": 100.0, "percent_covered_display": "100", "missing_lines": 0, "excluded_lines": 0, "percent_statements_covered": 100.0, "percent_statements_covered_display": "100"}, "missing_lines": [], "excluded_lines": [], "start_line": 314}, "task_cancel": {"executed_lines": [351, 352, 353, 354, 355, 356, 357], "summary": {"covered_lines": 7, "num_statements": 7, "percent_covered": 100.0, "percent_covered_display": "100", "missing_lines": 0, "excluded_lines": 0, "percent_statements_covered": 100.0, "percent_statements_covered_display": "100"}, "missing_lines": [], "excluded_lines": [], "start_line": 349}, "config": {"executed_lines": [365], "summary": {"covered_lines": 1, "num_statements": 1, "percent_covered": 100.0, "percent_covered_display": "100", "missing_lines": 0, "excluded_lines": 0, "percent_statements_covered": 100.0, "percent_statements_covered_display": "100"}, "missing_lines": [], "excluded_lines": [], "start_line": 363}, "config_list": {"executed_lines": [371, 372, 373, 374, 375], "summary": {"covered_lines": 5, "num_statements": 5, "percent_covered": 100.0, "percent_covered_display": "100", "missing_lines": 0, "excluded_lines": 0, "percent_statements_covered": 100.0, "percent_statements_covered_display": "100"}, "missing_lines": [], "excluded_lines": [], "start_line": 369}, "config_get": {"executed_lines": [382, 383, 384, 386], "summary": {"covered_lines": 4, "num_statements": 4, "percent_covered": 100.0, "percent_covered_display": "100", "missing_lines": 0, "excluded_lines": 0, "percent_statements_covered": 100.0, "percent_statements_covered_display": "100"}, "missing_lines": [], "excluded_lines": [], "start_line": 380}, "config_set": {"executed_lines": [394, 395, 396, 397, 398, 399], "summary": {"covered_lines": 6, "num_statements": 6, "percent_covered": 100.0, "percent_covered_display": "100", "missing_lines": 0, "excluded_lines": 0, "percent_statements_covered": 100.0, "percent_statements_covered_display": "100"}, "missing_lines": [], "excluded_lines": [], "start_line": 392}, "_get_master": {"executed_lines": [404, 405, 409], "summary": {"covered_lines": 3, "num_statements": 3, "percent_covered": 100.0, "percent_covered_display": "100", "missing_lines": 0, "excluded_lines": 0, "percent_statements_covered": 100.0, "percent_statements_covered_display": "100"}, "missing_lines": [], "excluded_lines": [], "start_line": 402}, "network": {"executed_lines": [417], "summary": {"covered_lines": 1, "num_statements": 1, "percent_covered": 100.0, "percent_covered_display": "100", "missing_lines": 0, "excluded_lines": 0, "percent_statements_covered": 100.0, "percent_statements_covered_display": "100"}, "missing_lines": [], "excluded_lines": [], "start_line": 415}, "network_detect": {"executed_lines": [423], "summary": {"covered_lines": 1, "num_statements": 1, "percent_covered": 100.0, "percent_covered_display": "100", "missing_lines": 0, "excluded_lines": 0, "percent_statements_covered": 100.0, "percent_statements_covered_display": "100"}, "missing_lines": [], "excluded_lines": [], "start_line": 421}, "_async_network_detect": {"executed_lines": [427, 428, 429, 431, 432, 434, 435, 436, 438, 439, 441, 442, 443, 446, 447, 448, 449, 450, 451, 452], "summary": {"covered_lines": 20, "num_statements": 20, "percent_covered": 100.0, "percent_covered_display": "100", "missing_lines": 0, "excluded_lines": 0, "percent_statements_covered": 100.0, "percent_statements_covered_display": "100"}, "missing_lines": [], "excluded_lines": [], "start_line": 426}, "caveman": {"executed_lines": [460], "summary": {"covered_lines": 1, "num_statements": 1, "percent_covered": 100.0, "percent_covered_display": "100", "missing_lines": 0, "excluded_lines": 0, "percent_statements_covered": 100.0, "percent_statements_covered_display": "100"}, "missing_lines": [], "excluded_lines": [], "start_line": 458}, "caveman_test": {"executed_lines": [467], "summary": {"covered_lines": 1, "num_statements": 1, "percent_covered": 100.0, "percent_covered_display": "100", "missing_lines": 0, "excluded_lines": 0, "percent_statements_covered": 100.0, "percent_statements_covered_display": "100"}, "missing_lines": [], "excluded_lines": [], "start_line": 465}, "_async_caveman_test": {"executed_lines": [471, 472, 473, 475, 476, 478, 479, 480, 484, 485, 486, 487], "summary": {"covered_lines": 12, "num_statements": 12, "percent_covered": 100.0, "percent_covered_display": "100", "missing_lines": 0, "excluded_lines": 0, "percent_statements_covered": 100.0, "percent_statements_covered_display": "100"}, "missing_lines": [], "excluded_lines": [], "start_line": 470}, "kv": {"executed_lines": [495], "summary": {"covered_lines": 1, "num_statements": 1, "percent_covered": 100.0, "percent_covered_display": "100", "missing_lines": 0, "excluded_lines": 0, "percent_statements_covered": 100.0, "percent_statements_covered_display": "100"}, "missing_lines": [], "excluded_lines": [], "start_line": 493}, "kv_stats": {"executed_lines": [501, 502, 503, 504, 505], "summary": {"covered_lines": 5, "num_statements": 5, "percent_covered": 100.0, "percent_covered_display": "100", "missing_lines": 0, "excluded_lines": 0, "percent_statements_covered": 100.0, "percent_statements_covered_display": "100"}, "missing_lines": [], "excluded_lines": [], "start_line": 499}, "kv_warm": {"executed_lines": [513], "summary": {"covered_lines": 1, "num_statements": 1, "percent_covered": 100.0, "percent_covered_display": "100", "missing_lines": 0, "excluded_lines": 0, "percent_statements_covered": 100.0, "percent_statements_covered_display": "100"}, "missing_lines": [], "excluded_lines": [], "start_line": 511}, "_async_kv_warm": {"executed_lines": [517, 518, 519, 520, 524, 525, 526], "summary": {"covered_lines": 7, "num_statements": 9, "percent_covered": 77.77777777777777, "percent_covered_display": "78", "missing_lines": 2, "excluded_lines": 0, "percent_statements_covered": 77.77777777777777, "percent_statements_covered_display": "78"}, "missing_lines": [521, 522], "excluded_lines": [], "start_line": 516}, "main": {"executed_lines": [], "summary": {"covered_lines": 0, "num_statements": 1, "percent_covered": 0.0, "percent_covered_display": "0", "missing_lines": 1, "excluded_lines": 0, "percent_statements_covered": 0.0, "percent_statements_covered_display": "0"}, "missing_lines": [530], "excluded_lines": [], "start_line": 529}, "": {"executed_lines": [3, 5, 6, 7, 8, 9, 10, 12, 14, 15, 16, 17, 18, 19, 20, 21, 23, 25, 26, 27, 28, 31, 32, 33, 34, 42, 43, 48, 49, 50, 55, 83, 84, 85, 109, 110, 111, 112, 113, 114, 115, 117, 118, 119, 126, 163, 164, 165, 170, 196, 197, 202, 203, 204, 205, 210, 235, 236, 241, 254, 255, 275, 276, 281, 282, 283, 284, 285, 286, 287, 292, 313, 314, 347, 348, 349, 362, 363, 368, 369, 378, 379, 380, 389, 390, 391, 392, 402, 414, 415, 420, 421, 426, 457, 458, 463, 464, 465, 470, 492, 493, 498, 499, 508, 509, 510, 511, 516, 529, 533], "summary": {"covered_lines": 110, "num_statements": 111, "percent_covered": 99.09909909909909, "percent_covered_display": "99", "missing_lines": 1, "excluded_lines": 0, "percent_statements_covered": 99.09909909909909, "percent_statements_covered_display": "99"}, "missing_lines": [534], "excluded_lines": [], "start_line": 1}}, "classes": {"": {"executed_lines": [3, 5, 6, 7, 8, 9, 10, 12, 14, 15, 16, 17, 18, 19, 20, 21, 23, 25, 26, 27, 28, 31, 32, 33, 34, 36, 37, 42, 43, 45, 48, 49, 50, 52, 55, 56, 57, 59, 60, 61, 63, 64, 65, 67, 68, 74, 75, 76, 79, 80, 83, 84, 85, 87, 88, 89, 90, 91, 93, 94, 95, 96, 97, 98, 99, 100, 101, 102, 103, 104, 105, 106, 109, 110, 111, 112, 113, 114, 115, 117, 118, 119, 122, 126, 163, 164, 165, 167, 170, 171, 173, 174, 175, 177, 178, 179, 181, 182, 183, 185, 186, 187, 188, 190, 191, 196, 197, 199, 202, 203, 204, 205, 207, 210, 213, 214, 218, 219, 221, 222, 223, 224, 225, 227, 228, 231, 232, 235, 236, 238, 241, 244, 245, 246, 247, 248, 249, 251, 254, 255, 257, 258, 260, 261, 262, 263, 264, 265, 266, 267, 268, 269, 270, 275, 276, 278, 281, 282, 283, 284, 285, 286, 287, 289, 292, 293, 295, 303, 304, 305, 306, 307, 308, 310, 313, 314, 316, 317, 319, 320, 321, 323, 324, 325, 327, 328, 329, 330, 331, 332, 340, 343, 344, 347, 348, 349, 351, 352, 353, 354, 355, 356, 357, 362, 363, 365, 368, 369, 371, 372, 373, 374, 375, 378, 379, 380, 382, 383, 384, 386, 389, 390, 391, 392, 394, 395, 396, 397, 398, 399, 402, 404, 405, 409, 414, 415, 417, 420, 421, 423, 426, 427, 428, 429, 431, 432, 434, 435, 436, 438, 439, 441, 442, 443, 446, 447, 448, 449, 450, 451, 452, 457, 458, 460, 463, 464, 465, 467, 470, 471, 472, 473, 475, 476, 478, 479, 480, 484, 485, 486, 487, 492, 493, 495, 498, 499, 501, 502, 503, 504, 505, 508, 509, 510, 511, 513, 516, 517, 518, 519, 520, 524, 525, 526, 529, 533], "summary": {"covered_lines": 306, "num_statements": 333, "percent_covered": 91.89189189189189, "percent_covered_display": "92", "missing_lines": 27, "excluded_lines": 0, "percent_statements_covered": 91.89189189189189, "percent_statements_covered_display": "92"}, "missing_lines": [131, 133, 134, 135, 136, 137, 138, 140, 141, 142, 147, 148, 149, 151, 152, 153, 154, 155, 156, 157, 158, 159, 160, 521, 522, 530, 534], "excluded_lines": [], "start_line": 1}}}, "fusion_multi_node/config/__init__.py": {"executed_lines": [3, 5], "summary": {"covered_lines": 2, "num_statements": 2, "percent_covered": 100.0, "percent_covered_display": "100", "missing_lines": 0, "excluded_lines": 0, "percent_statements_covered": 100.0, "percent_statements_covered_display": "100"}, "missing_lines": [], "excluded_lines": [], "functions": {"": {"executed_lines": [3, 5], "summary": {"covered_lines": 2, "num_statements": 2, "percent_covered": 100.0, "percent_covered_display": "100", "missing_lines": 0, "excluded_lines": 0, "percent_statements_covered": 100.0, "percent_statements_covered_display": "100"}, "missing_lines": [], "excluded_lines": [], "start_line": 1}}, "classes": {"": {"executed_lines": [3, 5], "summary": {"covered_lines": 2, "num_statements": 2, "percent_covered": 100.0, "percent_covered_display": "100", "missing_lines": 0, "excluded_lines": 0, "percent_statements_covered": 100.0, "percent_statements_covered_display": "100"}, "missing_lines": [], "excluded_lines": [], "start_line": 1}}}, "fusion_multi_node/config/config.py": {"executed_lines": [3, 5, 6, 7, 8, 10, 11, 14, 17, 54, 55, 58, 59, 61, 63, 64, 65, 66, 67, 69, 74, 75, 77, 79, 80, 81, 82, 84, 86, 87, 88, 89, 90, 92, 93, 95, 97, 98, 99, 100, 101, 102, 103, 104, 106, 108, 109, 110, 111, 113, 114, 116, 118], "summary": {"covered_lines": 53, "num_statements": 56, "percent_covered": 94.64285714285714, "percent_covered_display": "95", "missing_lines": 3, "excluded_lines": 0, "percent_statements_covered": 94.64285714285714, "percent_statements_covered_display": "95"}, "missing_lines": [70, 71, 72], "excluded_lines": [], "functions": {"ClusterConfig.__init__": {"executed_lines": [55, 58, 59], "summary": {"covered_lines": 3, "num_statements": 3, "percent_covered": 100.0, "percent_covered_display": "100", "missing_lines": 0, "excluded_lines": 0, "percent_statements_covered": 100.0, "percent_statements_covered_display": "100"}, "missing_lines": [], "excluded_lines": [], "start_line": 54}, "ClusterConfig.load": {"executed_lines": [63, 64, 65, 66, 67, 69, 74, 75], "summary": {"covered_lines": 8, "num_statements": 11, "percent_covered": 72.72727272727273, "percent_covered_display": "73", "missing_lines": 3, "excluded_lines": 0, "percent_statements_covered": 72.72727272727273, "percent_statements_covered_display": "73"}, "missing_lines": [70, 71, 72], "excluded_lines": [], "start_line": 61}, "ClusterConfig.save": {"executed_lines": [79, 80, 81, 82], "summary": {"covered_lines": 4, "num_statements": 4, "percent_covered": 100.0, "percent_covered_display": "100", "missing_lines": 0, "excluded_lines": 0, "percent_statements_covered": 100.0, "percent_statements_covered_display": "100"}, "missing_lines": [], "excluded_lines": [], "start_line": 77}, "ClusterConfig.get": {"executed_lines": [86, 87, 88, 89, 90, 92, 93], "summary": {"covered_lines": 7, "num_statements": 7, "percent_covered": 100.0, "percent_covered_display": "100", "missing_lines": 0, "excluded_lines": 0, "percent_statements_covered": 100.0, "percent_statements_covered_display": "100"}, "missing_lines": [], "excluded_lines": [], "start_line": 84}, "ClusterConfig.set": {"executed_lines": [97, 98, 99, 100, 101, 102, 103, 104], "summary": {"covered_lines": 8, "num_statements": 8, "percent_covered": 100.0, "percent_covered_display": "100", "missing_lines": 0, "excluded_lines": 0, "percent_statements_covered": 100.0, "percent_statements_covered_display": "100"}, "missing_lines": [], "excluded_lines": [], "start_line": 95}, "ClusterConfig._merge": {"executed_lines": [108, 109, 110, 111, 113, 114], "summary": {"covered_lines": 6, "num_statements": 6, "percent_covered": 100.0, "percent_covered_display": "100", "missing_lines": 0, "excluded_lines": 0, "percent_statements_covered": 100.0, "percent_statements_covered_display": "100"}, "missing_lines": [], "excluded_lines": [], "start_line": 106}, "ClusterConfig.to_node_agent_config": {"executed_lines": [118], "summary": {"covered_lines": 1, "num_statements": 1, "percent_covered": 100.0, "percent_covered_display": "100", "missing_lines": 0, "excluded_lines": 0, "percent_statements_covered": 100.0, "percent_statements_covered_display": "100"}, "missing_lines": [], "excluded_lines": [], "start_line": 116}, "": {"executed_lines": [3, 5, 6, 7, 8, 10, 11, 14, 17, 54, 61, 77, 84, 95, 106, 116], "summary": {"covered_lines": 16, "num_statements": 16, "percent_covered": 100.0, "percent_covered_display": "100", "missing_lines": 0, "excluded_lines": 0, "percent_statements_covered": 100.0, "percent_statements_covered_display": "100"}, "missing_lines": [], "excluded_lines": [], "start_line": 1}}, "classes": {"ClusterConfig": {"executed_lines": [55, 58, 59, 63, 64, 65, 66, 67, 69, 74, 75, 79, 80, 81, 82, 86, 87, 88, 89, 90, 92, 93, 97, 98, 99, 100, 101, 102, 103, 104, 108, 109, 110, 111, 113, 114, 118], "summary": {"covered_lines": 37, "num_statements": 40, "percent_covered": 92.5, "percent_covered_display": "92", "missing_lines": 3, "excluded_lines": 0, "percent_statements_covered": 92.5, "percent_statements_covered_display": "92"}, "missing_lines": [70, 71, 72], "excluded_lines": [], "start_line": 14}, "": {"executed_lines": [3, 5, 6, 7, 8, 10, 11, 14, 17, 54, 61, 77, 84, 95, 106, 116], "summary": {"covered_lines": 16, "num_statements": 16, "percent_covered": 100.0, "percent_covered_display": "100", "missing_lines": 0, "excluded_lines": 0, "percent_statements_covered": 100.0, "percent_statements_covered_display": "100"}, "missing_lines": [], "excluded_lines": [], "start_line": 1}}}, "fusion_multi_node/discovery/__init__.py": {"executed_lines": [1, 3], "summary": {"covered_lines": 2, "num_statements": 2, "percent_covered": 100.0, "percent_covered_display": "100", "missing_lines": 0, "excluded_lines": 0, "percent_statements_covered": 100.0, "percent_statements_covered_display": "100"}, "missing_lines": [], "excluded_lines": [], "functions": {"": {"executed_lines": [1, 3], "summary": {"covered_lines": 2, "num_statements": 2, "percent_covered": 100.0, "percent_covered_display": "100", "missing_lines": 0, "excluded_lines": 0, "percent_statements_covered": 100.0, "percent_statements_covered_display": "100"}, "missing_lines": [], "excluded_lines": [], "start_line": 1}}, "classes": {"": {"executed_lines": [1, 3], "summary": {"covered_lines": 2, "num_statements": 2, "percent_covered": 100.0, "percent_covered_display": "100", "missing_lines": 0, "excluded_lines": 0, "percent_statements_covered": 100.0, "percent_statements_covered_display": "100"}, "missing_lines": [], "excluded_lines": [], "start_line": 1}}}, "fusion_multi_node/discovery/mdns_discovery.py": {"executed_lines": [8, 10, 11, 12, 13, 14, 15, 17, 19, 20, 23, 24, 26, 27, 28, 29, 30, 32, 33, 34, 37, 40, 41, 42, 43, 44, 45, 46, 47, 48, 49, 53, 59, 60, 61, 62, 63, 65, 66, 67, 68, 69, 71, 72, 73, 81, 82, 83, 84, 85, 86, 87, 88, 89, 91, 93, 94, 95, 97, 98, 102, 103, 104, 108, 115, 116, 117, 118, 119, 121, 122, 123, 125, 126, 127, 129, 138, 144, 147, 148, 149, 150, 151, 153, 154, 156, 157, 158, 159, 161, 162, 163, 168, 175, 176, 177, 182, 184, 186, 188, 189, 190, 191, 192, 194, 196, 197, 198, 205, 207, 208, 209, 210, 211, 212, 217, 219, 220, 221, 222, 223, 224, 225, 226, 228, 230], "summary": {"covered_lines": 126, "num_statements": 146, "percent_covered": 86.3013698630137, "percent_covered_display": "86", "missing_lines": 20, "excluded_lines": 0, "percent_statements_covered": 86.3013698630137, "percent_statements_covered_display": "86"}, "missing_lines": [96, 99, 100, 130, 131, 132, 133, 134, 135, 136, 139, 140, 141, 142, 145, 164, 165, 166, 213, 214], "excluded_lines": [], "functions": {"DiscoveryInfo.server_name": {"executed_lines": [34], "summary": {"covered_lines": 1, "num_statements": 1, "percent_covered": 100.0, "percent_covered_display": "100", "missing_lines": 0, "excluded_lines": 0, "percent_statements_covered": 100.0, "percent_statements_covered_display": "100"}, "missing_lines": [], "excluded_lines": [], "start_line": 33}, "MDNSDiscovery.__init__": {"executed_lines": [41, 42, 43, 44, 45, 46, 47, 48, 49], "summary": {"covered_lines": 9, "num_statements": 9, "percent_covered": 100.0, "percent_covered_display": "100", "missing_lines": 0, "excluded_lines": 0, "percent_statements_covered": 100.0, "percent_statements_covered_display": "100"}, "missing_lines": [], "excluded_lines": [], "start_line": 40}, "MDNSDiscovery.register": {"executed_lines": [59, 60, 61, 62, 63, 65, 66, 67, 68, 69, 71, 72, 73, 81, 82, 83, 84, 85, 86, 87, 88, 89], "summary": {"covered_lines": 22, "num_statements": 22, "percent_covered": 100.0, "percent_covered_display": "100", "missing_lines": 0, "excluded_lines": 0, "percent_statements_covered": 100.0, "percent_statements_covered_display": "100"}, "missing_lines": [], "excluded_lines": [], "start_line": 53}, "MDNSDiscovery.unregister": {"executed_lines": [93, 94, 95, 97, 98, 102, 103, 104], "summary": {"covered_lines": 8, "num_statements": 11, "percent_covered": 72.72727272727273, "percent_covered_display": "73", "missing_lines": 3, "excluded_lines": 0, "percent_statements_covered": 72.72727272727273, "percent_statements_covered_display": "73"}, "missing_lines": [96, 99, 100], "excluded_lines": [], "start_line": 91}, "MDNSDiscovery.browse": {"executed_lines": [115, 116, 117, 118, 119, 121, 122, 123, 125, 126, 129, 138, 144, 147, 148, 149, 150, 151, 153, 154, 156, 157, 158, 159, 161, 162, 163], "summary": {"covered_lines": 27, "num_statements": 30, "percent_covered": 90.0, "percent_covered_display": "90", "missing_lines": 3, "excluded_lines": 0, "percent_statements_covered": 90.0, "percent_statements_covered_display": "90"}, "missing_lines": [164, 165, 166], "excluded_lines": [], "start_line": 108}, "MDNSDiscovery.browse._Listener.__init__": {"executed_lines": [127], "summary": {"covered_lines": 1, "num_statements": 1, "percent_covered": 100.0, "percent_covered_display": "100", "missing_lines": 0, "excluded_lines": 0, "percent_statements_covered": 100.0, "percent_statements_covered_display": "100"}, "missing_lines": [], "excluded_lines": [], "start_line": 126}, "MDNSDiscovery.browse._Listener.add_service": {"executed_lines": [], "summary": {"covered_lines": 0, "num_statements": 7, "percent_covered": 0.0, "percent_covered_display": "0", "missing_lines": 7, "excluded_lines": 0, "percent_statements_covered": 0.0, "percent_statements_covered_display": "0"}, "missing_lines": [130, 131, 132, 133, 134, 135, 136], "excluded_lines": [], "start_line": 129}, "MDNSDiscovery.browse._Listener.remove_service": {"executed_lines": [], "summary": {"covered_lines": 0, "num_statements": 4, "percent_covered": 0.0, "percent_covered_display": "0", "missing_lines": 4, "excluded_lines": 0, "percent_statements_covered": 0.0, "percent_statements_covered_display": "0"}, "missing_lines": [139, 140, 141, 142], "excluded_lines": [], "start_line": 138}, "MDNSDiscovery.browse._Listener.update_service": {"executed_lines": [], "summary": {"covered_lines": 0, "num_statements": 1, "percent_covered": 0.0, "percent_covered_display": "0", "missing_lines": 1, "excluded_lines": 0, "percent_statements_covered": 0.0, "percent_statements_covered_display": "0"}, "missing_lines": [145], "excluded_lines": [], "start_line": 144}, "MDNSDiscovery.browse_async": {"executed_lines": [175, 176, 177], "summary": {"covered_lines": 3, "num_statements": 3, "percent_covered": 100.0, "percent_covered_display": "100", "missing_lines": 0, "excluded_lines": 0, "percent_statements_covered": 100.0, "percent_statements_covered_display": "100"}, "missing_lines": [], "excluded_lines": [], "start_line": 168}, "MDNSDiscovery.get_discovered": {"executed_lines": [184], "summary": {"covered_lines": 1, "num_statements": 1, "percent_covered": 100.0, "percent_covered_display": "100", "missing_lines": 0, "excluded_lines": 0, "percent_statements_covered": 100.0, "percent_statements_covered_display": "100"}, "missing_lines": [], "excluded_lines": [], "start_line": 182}, "MDNSDiscovery.find_master": {"executed_lines": [188, 189, 190, 191, 192], "summary": {"covered_lines": 5, "num_statements": 5, "percent_covered": 100.0, "percent_covered_display": "100", "missing_lines": 0, "excluded_lines": 0, "percent_statements_covered": 100.0, "percent_statements_covered_display": "100"}, "missing_lines": [], "excluded_lines": [], "start_line": 186}, "MDNSDiscovery.find_master_async": {"executed_lines": [196, 197, 198], "summary": {"covered_lines": 3, "num_statements": 3, "percent_covered": 100.0, "percent_covered_display": "100", "missing_lines": 0, "excluded_lines": 0, "percent_statements_covered": 100.0, "percent_statements_covered_display": "100"}, "missing_lines": [], "excluded_lines": [], "start_line": 194}, "MDNSDiscovery._get_local_ip": {"executed_lines": [207, 208, 209, 210, 211, 212], "summary": {"covered_lines": 6, "num_statements": 8, "percent_covered": 75.0, "percent_covered_display": "75", "missing_lines": 2, "excluded_lines": 0, "percent_statements_covered": 75.0, "percent_statements_covered_display": "75"}, "missing_lines": [213, 214], "excluded_lines": [], "start_line": 205}, "_service_info_to_discovery": {"executed_lines": [219, 220, 221, 222, 223, 224, 225, 226, 228, 230], "summary": {"covered_lines": 10, "num_statements": 10, "percent_covered": 100.0, "percent_covered_display": "100", "missing_lines": 0, "excluded_lines": 0, "percent_statements_covered": 100.0, "percent_statements_covered_display": "100"}, "missing_lines": [], "excluded_lines": [], "start_line": 217}, "": {"executed_lines": [8, 10, 11, 12, 13, 14, 15, 17, 19, 20, 23, 24, 26, 27, 28, 29, 30, 32, 33, 37, 40, 53, 91, 108, 168, 182, 186, 194, 205, 217], "summary": {"covered_lines": 30, "num_statements": 30, "percent_covered": 100.0, "percent_covered_display": "100", "missing_lines": 0, "excluded_lines": 0, "percent_statements_covered": 100.0, "percent_statements_covered_display": "100"}, "missing_lines": [], "excluded_lines": [], "start_line": 1}}, "classes": {"DiscoveryInfo": {"executed_lines": [34], "summary": {"covered_lines": 1, "num_statements": 1, "percent_covered": 100.0, "percent_covered_display": "100", "missing_lines": 0, "excluded_lines": 0, "percent_statements_covered": 100.0, "percent_statements_covered_display": "100"}, "missing_lines": [], "excluded_lines": [], "start_line": 24}, "MDNSDiscovery": {"executed_lines": [41, 42, 43, 44, 45, 46, 47, 48, 49, 59, 60, 61, 62, 63, 65, 66, 67, 68, 69, 71, 72, 73, 81, 82, 83, 84, 85, 86, 87, 88, 89, 93, 94, 95, 97, 98, 102, 103, 104, 115, 116, 117, 118, 119, 121, 122, 123, 125, 126, 129, 138, 144, 147, 148, 149, 150, 151, 153, 154, 156, 157, 158, 159, 161, 162, 163, 175, 176, 177, 184, 188, 189, 190, 191, 192, 196, 197, 198, 207, 208, 209, 210, 211, 212], "summary": {"covered_lines": 84, "num_statements": 92, "percent_covered": 91.30434782608695, "percent_covered_display": "91", "missing_lines": 8, "excluded_lines": 0, "percent_statements_covered": 91.30434782608695, "percent_statements_covered_display": "91"}, "missing_lines": [96, 99, 100, 164, 165, 166, 213, 214], "excluded_lines": [], "start_line": 37}, "MDNSDiscovery.browse._Listener": {"executed_lines": [127], "summary": {"covered_lines": 1, "num_statements": 13, "percent_covered": 7.6923076923076925, "percent_covered_display": "8", "missing_lines": 12, "excluded_lines": 0, "percent_statements_covered": 7.6923076923076925, "percent_statements_covered_display": "8"}, "missing_lines": [130, 131, 132, 133, 134, 135, 136, 139, 140, 141, 142, 145], "excluded_lines": [], "start_line": 125}, "": {"executed_lines": [8, 10, 11, 12, 13, 14, 15, 17, 19, 20, 23, 24, 26, 27, 28, 29, 30, 32, 33, 37, 40, 53, 91, 108, 168, 182, 186, 194, 205, 217, 219, 220, 221, 222, 223, 224, 225, 226, 228, 230], "summary": {"covered_lines": 40, "num_statements": 40, "percent_covered": 100.0, "percent_covered_display": "100", "missing_lines": 0, "excluded_lines": 0, "percent_statements_covered": 100.0, "percent_statements_covered_display": "100"}, "missing_lines": [], "excluded_lines": [], "start_line": 1}}}, "fusion_multi_node/distributed_mlx/__init__.py": {"executed_lines": [3, 4, 5, 7], "summary": {"covered_lines": 4, "num_statements": 4, "percent_covered": 100.0, "percent_covered_display": "100", "missing_lines": 0, "excluded_lines": 0, "percent_statements_covered": 100.0, "percent_statements_covered_display": "100"}, "missing_lines": [], "excluded_lines": [], "functions": {"": {"executed_lines": [3, 4, 5, 7], "summary": {"covered_lines": 4, "num_statements": 4, "percent_covered": 100.0, "percent_covered_display": "100", "missing_lines": 0, "excluded_lines": 0, "percent_statements_covered": 100.0, "percent_statements_covered_display": "100"}, "missing_lines": [], "excluded_lines": [], "start_line": 1}}, "classes": {"": {"executed_lines": [3, 4, 5, 7], "summary": {"covered_lines": 4, "num_statements": 4, "percent_covered": 100.0, "percent_covered_display": "100", "missing_lines": 0, "excluded_lines": 0, "percent_statements_covered": 100.0, "percent_statements_covered_display": "100"}, "missing_lines": [], "excluded_lines": [], "start_line": 1}}}, "fusion_multi_node/distributed_mlx/caveman_compress.py": {"executed_lines": [12, 14, 15, 16, 17, 18, 19, 22, 23, 25, 26, 27, 28, 29, 32, 39, 41, 42, 43, 44, 45, 47, 49, 51, 52, 53, 54, 55, 57, 67, 68, 69, 71, 72, 74, 75, 77, 85, 87, 89, 90, 91, 92, 93, 94, 95, 97, 99, 100, 101, 102, 103, 105, 107, 108, 109, 110, 111, 112, 113, 115, 118, 119, 121, 122, 123, 124, 125, 126, 127, 128, 129, 130, 131, 132, 134, 136, 138, 139, 141, 142, 143, 144, 145, 146, 147, 148, 150, 151, 153, 155, 157, 158, 160, 162, 164, 165, 166, 169, 171, 173, 174, 175, 177, 178, 179, 180, 181, 183, 185, 187, 188, 190, 191, 192, 193, 194, 195, 196, 197, 199, 200, 201, 203, 204, 207, 216, 225, 226, 227, 228, 230, 232, 234, 240, 241, 242, 243, 244, 246, 248, 250, 252, 253, 254, 256, 258], "summary": {"covered_lines": 147, "num_statements": 147, "percent_covered": 100.0, "percent_covered_display": "100", "missing_lines": 0, "excluded_lines": 0, "percent_statements_covered": 100.0, "percent_statements_covered_display": "100"}, "missing_lines": [], "excluded_lines": [], "functions": {"CavemanCompressor.__init__": {"executed_lines": [42, 43, 44, 45], "summary": {"covered_lines": 4, "num_statements": 4, "percent_covered": 100.0, "percent_covered_display": "100", "missing_lines": 0, "excluded_lines": 0, "percent_statements_covered": 100.0, "percent_statements_covered_display": "100"}, "missing_lines": [], "excluded_lines": [], "start_line": 41}, "CavemanCompressor.build_dictionary": {"executed_lines": [49, 51, 52, 53, 54, 55], "summary": {"covered_lines": 6, "num_statements": 6, "percent_covered": 100.0, "percent_covered_display": "100", "missing_lines": 0, "excluded_lines": 0, "percent_statements_covered": 100.0, "percent_statements_covered_display": "100"}, "missing_lines": [], "excluded_lines": [], "start_line": 47}, "CavemanCompressor.compress": {"executed_lines": [67, 68, 69, 71, 72, 74, 75, 77, 85], "summary": {"covered_lines": 9, "num_statements": 9, "percent_covered": 100.0, "percent_covered_display": "100", "missing_lines": 0, "excluded_lines": 0, "percent_statements_covered": 100.0, "percent_statements_covered_display": "100"}, "missing_lines": [], "excluded_lines": [], "start_line": 57}, "CavemanCompressor.decompress": {"executed_lines": [89, 90, 91, 92, 93, 94, 95], "summary": {"covered_lines": 7, "num_statements": 7, "percent_covered": 100.0, "percent_covered_display": "100", "missing_lines": 0, "excluded_lines": 0, "percent_statements_covered": 100.0, "percent_statements_covered_display": "100"}, "missing_lines": [], "excluded_lines": [], "start_line": 87}, "CavemanCompressor._select_method": {"executed_lines": [99, 100, 101, 102, 103], "summary": {"covered_lines": 5, "num_statements": 5, "percent_covered": 100.0, "percent_covered_display": "100", "missing_lines": 0, "excluded_lines": 0, "percent_statements_covered": 100.0, "percent_statements_covered_display": "100"}, "missing_lines": [], "excluded_lines": [], "start_line": 97}, "CavemanCompressor._compress": {"executed_lines": [107, 108, 109, 110, 111, 112, 113], "summary": {"covered_lines": 7, "num_statements": 7, "percent_covered": 100.0, "percent_covered_display": "100", "missing_lines": 0, "excluded_lines": 0, "percent_statements_covered": 100.0, "percent_statements_covered_display": "100"}, "missing_lines": [], "excluded_lines": [], "start_line": 105}, "CavemanCompressor._dict_compress": {"executed_lines": [118, 119, 121, 122, 123, 124, 125, 126, 127, 128, 129, 130, 131, 132, 134], "summary": {"covered_lines": 15, "num_statements": 15, "percent_covered": 100.0, "percent_covered_display": "100", "missing_lines": 0, "excluded_lines": 0, "percent_statements_covered": 100.0, "percent_statements_covered_display": "100"}, "missing_lines": [], "excluded_lines": [], "start_line": 115}, "CavemanCompressor._dict_decompress": {"executed_lines": [138, 139, 141, 142, 143, 144, 145, 146, 147, 148, 150, 151, 153], "summary": {"covered_lines": 13, "num_statements": 13, "percent_covered": 100.0, "percent_covered_display": "100", "missing_lines": 0, "excluded_lines": 0, "percent_statements_covered": 100.0, "percent_statements_covered_display": "100"}, "missing_lines": [], "excluded_lines": [], "start_line": 136}, "CavemanCompressor._diff_compress": {"executed_lines": [157, 158, 160, 162, 164, 165, 166, 169], "summary": {"covered_lines": 8, "num_statements": 8, "percent_covered": 100.0, "percent_covered_display": "100", "missing_lines": 0, "excluded_lines": 0, "percent_statements_covered": 100.0, "percent_statements_covered_display": "100"}, "missing_lines": [], "excluded_lines": [], "start_line": 155}, "CavemanCompressor._diff_decompress": {"executed_lines": [173, 174, 175, 177, 178, 179, 180, 181, 183], "summary": {"covered_lines": 9, "num_statements": 9, "percent_covered": 100.0, "percent_covered_display": "100", "missing_lines": 0, "excluded_lines": 0, "percent_statements_covered": 100.0, "percent_statements_covered_display": "100"}, "missing_lines": [], "excluded_lines": [], "start_line": 171}, "CavemanCompressor._has_repeated_pattern": {"executed_lines": [187, 188, 190, 191, 192, 193, 194, 195, 196, 197], "summary": {"covered_lines": 10, "num_statements": 10, "percent_covered": 100.0, "percent_covered_display": "100", "missing_lines": 0, "excluded_lines": 0, "percent_statements_covered": 100.0, "percent_statements_covered_display": "100"}, "missing_lines": [], "excluded_lines": [], "start_line": 185}, "CavemanCompressor.stats": {"executed_lines": [201], "summary": {"covered_lines": 1, "num_statements": 1, "percent_covered": 100.0, "percent_covered_display": "100", "missing_lines": 0, "excluded_lines": 0, "percent_statements_covered": 100.0, "percent_statements_covered_display": "100"}, "missing_lines": [], "excluded_lines": [], "start_line": 200}, "CavemanCompressor.reset_stats": {"executed_lines": [204], "summary": {"covered_lines": 1, "num_statements": 1, "percent_covered": 100.0, "percent_covered_display": "100", "missing_lines": 0, "excluded_lines": 0, "percent_statements_covered": 100.0, "percent_statements_covered_display": "100"}, "missing_lines": [], "excluded_lines": [], "start_line": 203}, "CavemanManager.__init__": {"executed_lines": [226, 227, 228], "summary": {"covered_lines": 3, "num_statements": 3, "percent_covered": 100.0, "percent_covered_display": "100", "missing_lines": 0, "excluded_lines": 0, "percent_statements_covered": 100.0, "percent_statements_covered_display": "100"}, "missing_lines": [], "excluded_lines": [], "start_line": 225}, "CavemanManager.get_compression_config": {"executed_lines": [232], "summary": {"covered_lines": 1, "num_statements": 1, "percent_covered": 100.0, "percent_covered_display": "100", "missing_lines": 0, "excluded_lines": 0, "percent_statements_covered": 100.0, "percent_statements_covered_display": "100"}, "missing_lines": [], "excluded_lines": [], "start_line": 230}, "CavemanManager.compress_tensor": {"executed_lines": [240, 241, 242, 243, 244], "summary": {"covered_lines": 5, "num_statements": 5, "percent_covered": 100.0, "percent_covered_display": "100", "missing_lines": 0, "excluded_lines": 0, "percent_statements_covered": 100.0, "percent_statements_covered_display": "100"}, "missing_lines": [], "excluded_lines": [], "start_line": 234}, "CavemanManager.decompress_tensor": {"executed_lines": [248], "summary": {"covered_lines": 1, "num_statements": 1, "percent_covered": 100.0, "percent_covered_display": "100", "missing_lines": 0, "excluded_lines": 0, "percent_statements_covered": 100.0, "percent_statements_covered_display": "100"}, "missing_lines": [], "excluded_lines": [], "start_line": 246}, "CavemanManager.get_compression_ratio": {"executed_lines": [252, 253, 254], "summary": {"covered_lines": 3, "num_statements": 3, "percent_covered": 100.0, "percent_covered_display": "100", "missing_lines": 0, "excluded_lines": 0, "percent_statements_covered": 100.0, "percent_statements_covered_display": "100"}, "missing_lines": [], "excluded_lines": [], "start_line": 250}, "CavemanManager.get_stats": {"executed_lines": [258], "summary": {"covered_lines": 1, "num_statements": 1, "percent_covered": 100.0, "percent_covered_display": "100", "missing_lines": 0, "excluded_lines": 0, "percent_statements_covered": 100.0, "percent_statements_covered_display": "100"}, "missing_lines": [], "excluded_lines": [], "start_line": 256}, "": {"executed_lines": [12, 14, 15, 16, 17, 18, 19, 22, 23, 25, 26, 27, 28, 29, 32, 39, 41, 47, 57, 87, 97, 105, 115, 136, 155, 171, 185, 199, 200, 203, 207, 216, 225, 230, 234, 246, 250, 256], "summary": {"covered_lines": 38, "num_statements": 38, "percent_covered": 100.0, "percent_covered_display": "100", "missing_lines": 0, "excluded_lines": 0, "percent_statements_covered": 100.0, "percent_statements_covered_display": "100"}, "missing_lines": [], "excluded_lines": [], "start_line": 1}}, "classes": {"CompressStats": {"executed_lines": [], "summary": {"covered_lines": 0, "num_statements": 0, "percent_covered": 100.0, "percent_covered_display": "100", "missing_lines": 0, "excluded_lines": 0, "percent_statements_covered": 100.0, "percent_statements_covered_display": "100"}, "missing_lines": [], "excluded_lines": [], "start_line": 23}, "CavemanCompressor": {"executed_lines": [42, 43, 44, 45, 49, 51, 52, 53, 54, 55, 67, 68, 69, 71, 72, 74, 75, 77, 85, 89, 90, 91, 92, 93, 94, 95, 99, 100, 101, 102, 103, 107, 108, 109, 110, 111, 112, 113, 118, 119, 121, 122, 123, 124, 125, 126, 127, 128, 129, 130, 131, 132, 134, 138, 139, 141, 142, 143, 144, 145, 146, 147, 148, 150, 151, 153, 157, 158, 160, 162, 164, 165, 166, 169, 173, 174, 175, 177, 178, 179, 180, 181, 183, 187, 188, 190, 191, 192, 193, 194, 195, 196, 197, 201, 204], "summary": {"covered_lines": 95, "num_statements": 95, "percent_covered": 100.0, "percent_covered_display": "100", "missing_lines": 0, "excluded_lines": 0, "percent_statements_covered": 100.0, "percent_statements_covered_display": "100"}, "missing_lines": [], "excluded_lines": [], "start_line": 32}, "CavemanManager": {"executed_lines": [226, 227, 228, 232, 240, 241, 242, 243, 244, 248, 252, 253, 254, 258], "summary": {"covered_lines": 14, "num_statements": 14, "percent_covered": 100.0, "percent_covered_display": "100", "missing_lines": 0, "excluded_lines": 0, "percent_statements_covered": 100.0, "percent_statements_covered_display": "100"}, "missing_lines": [], "excluded_lines": [], "start_line": 207}, "": {"executed_lines": [12, 14, 15, 16, 17, 18, 19, 22, 23, 25, 26, 27, 28, 29, 32, 39, 41, 47, 57, 87, 97, 105, 115, 136, 155, 171, 185, 199, 200, 203, 207, 216, 225, 230, 234, 246, 250, 256], "summary": {"covered_lines": 38, "num_statements": 38, "percent_covered": 100.0, "percent_covered_display": "100", "missing_lines": 0, "excluded_lines": 0, "percent_statements_covered": 100.0, "percent_statements_covered_display": "100"}, "missing_lines": [], "excluded_lines": [], "start_line": 1}}}, "fusion_multi_node/distributed_mlx/distributed_bridge.py": {"executed_lines": [10, 12, 13, 14, 15, 16, 17, 19, 22, 24, 25, 26, 29, 30, 32, 33, 34, 35, 36, 37, 40, 41, 43, 44, 45, 46, 47, 48, 49, 52, 58, 59, 60, 62, 78, 81, 82, 85, 86, 88, 89, 90, 91, 99, 101, 102, 104, 106, 117, 118, 119, 120, 122, 123, 125, 126, 127, 135, 136, 140, 141, 142, 143, 145, 146, 147, 148, 149, 150, 152, 163, 164, 171, 173, 174, 176, 177, 186, 187, 188, 192, 193, 194, 195, 196, 197, 198, 200, 201, 207, 218, 219, 221, 222, 223, 226, 228, 229, 230, 231, 233, 235, 236, 238, 246, 247, 252, 253, 257, 258, 264, 266, 267, 268, 269, 272, 273, 274, 275, 277, 283, 291, 292, 293, 294, 295, 300, 301, 305, 306, 307, 308, 309, 310, 311], "summary": {"covered_lines": 135, "num_statements": 135, "percent_covered": 100.0, "percent_covered_display": "100", "missing_lines": 0, "excluded_lines": 0, "percent_statements_covered": 100.0, "percent_statements_covered_display": "100"}, "missing_lines": [], "excluded_lines": [], "functions": {"DistributedMLXBridge.__init__": {"executed_lines": [59, 60], "summary": {"covered_lines": 2, "num_statements": 2, "percent_covered": 100.0, "percent_covered_display": "100", "missing_lines": 0, "excluded_lines": 0, "percent_statements_covered": 100.0, "percent_statements_covered_display": "100"}, "missing_lines": [], "excluded_lines": [], "start_line": 58}, "DistributedMLXBridge.shard_model": {"executed_lines": [78, 81, 82, 85, 86, 88, 89, 90, 91, 99, 101, 102, 104], "summary": {"covered_lines": 13, "num_statements": 13, "percent_covered": 100.0, "percent_covered_display": "100", "missing_lines": 0, "excluded_lines": 0, "percent_statements_covered": 100.0, "percent_statements_covered_display": "100"}, "missing_lines": [], "excluded_lines": [], "start_line": 62}, "DistributedMLXBridge.load_shard": {"executed_lines": [117, 118, 119, 120, 122, 123, 125, 126, 127, 135, 136, 140, 141, 142, 143, 145, 146, 147, 148, 149, 150], "summary": {"covered_lines": 21, "num_statements": 21, "percent_covered": 100.0, "percent_covered_display": "100", "missing_lines": 0, "excluded_lines": 0, "percent_statements_covered": 100.0, "percent_statements_covered_display": "100"}, "missing_lines": [], "excluded_lines": [], "start_line": 106}, "DistributedMLXBridge.pipeline_inference": {"executed_lines": [163, 164, 171, 173, 174, 176, 177, 186, 187, 188, 192, 193, 194, 195, 196, 197, 198, 200, 201], "summary": {"covered_lines": 19, "num_statements": 19, "percent_covered": 100.0, "percent_covered_display": "100", "missing_lines": 0, "excluded_lines": 0, "percent_statements_covered": 100.0, "percent_statements_covered_display": "100"}, "missing_lines": [], "excluded_lines": [], "start_line": 152}, "DistributedMLXBridge.data_parallel_inference": {"executed_lines": [218, 219, 221, 222, 223, 226, 228, 229, 230, 231, 233, 235, 236], "summary": {"covered_lines": 13, "num_statements": 13, "percent_covered": 100.0, "percent_covered_display": "100", "missing_lines": 0, "excluded_lines": 0, "percent_statements_covered": 100.0, "percent_statements_covered_display": "100"}, "missing_lines": [], "excluded_lines": [], "start_line": 207}, "DistributedMLXBridge._single_inference": {"executed_lines": [246, 247, 252, 253, 257, 258], "summary": {"covered_lines": 6, "num_statements": 6, "percent_covered": 100.0, "percent_covered_display": "100", "missing_lines": 0, "excluded_lines": 0, "percent_statements_covered": 100.0, "percent_statements_covered_display": "100"}, "missing_lines": [], "excluded_lines": [], "start_line": 238}, "DistributedMLXBridge._get_model_config": {"executed_lines": [266, 267, 268, 269, 272, 273, 274, 275, 277], "summary": {"covered_lines": 9, "num_statements": 9, "percent_covered": 100.0, "percent_covered_display": "100", "missing_lines": 0, "excluded_lines": 0, "percent_statements_covered": 100.0, "percent_statements_covered_display": "100"}, "missing_lines": [], "excluded_lines": [], "start_line": 264}, "DistributedMLXBridge.sync_weights": {"executed_lines": [291, 292, 293, 294, 295, 300, 301, 305, 306, 307, 308, 309, 310, 311], "summary": {"covered_lines": 14, "num_statements": 14, "percent_covered": 100.0, "percent_covered_display": "100", "missing_lines": 0, "excluded_lines": 0, "percent_statements_covered": 100.0, "percent_statements_covered_display": "100"}, "missing_lines": [], "excluded_lines": [], "start_line": 283}, "": {"executed_lines": [10, 12, 13, 14, 15, 16, 17, 19, 22, 24, 25, 26, 29, 30, 32, 33, 34, 35, 36, 37, 40, 41, 43, 44, 45, 46, 47, 48, 49, 52, 58, 62, 106, 152, 207, 238, 264, 283], "summary": {"covered_lines": 38, "num_statements": 38, "percent_covered": 100.0, "percent_covered_display": "100", "missing_lines": 0, "excluded_lines": 0, "percent_statements_covered": 100.0, "percent_statements_covered_display": "100"}, "missing_lines": [], "excluded_lines": [], "start_line": 1}}, "classes": {"DistMode": {"executed_lines": [], "summary": {"covered_lines": 0, "num_statements": 0, "percent_covered": 100.0, "percent_covered_display": "100", "missing_lines": 0, "excluded_lines": 0, "percent_statements_covered": 100.0, "percent_statements_covered_display": "100"}, "missing_lines": [], "excluded_lines": [], "start_line": 22}, "ModelShard": {"executed_lines": [], "summary": {"covered_lines": 0, "num_statements": 0, "percent_covered": 100.0, "percent_covered_display": "100", "missing_lines": 0, "excluded_lines": 0, "percent_statements_covered": 100.0, "percent_statements_covered_display": "100"}, "missing_lines": [], "excluded_lines": [], "start_line": 30}, "DistConfig": {"executed_lines": [], "summary": {"covered_lines": 0, "num_statements": 0, "percent_covered": 100.0, "percent_covered_display": "100", "missing_lines": 0, "excluded_lines": 0, "percent_statements_covered": 100.0, "percent_statements_covered_display": "100"}, "missing_lines": [], "excluded_lines": [], "start_line": 41}, "DistributedMLXBridge": {"executed_lines": [59, 60, 78, 81, 82, 85, 86, 88, 89, 90, 91, 99, 101, 102, 104, 117, 118, 119, 120, 122, 123, 125, 126, 127, 135, 136, 140, 141, 142, 143, 145, 146, 147, 148, 149, 150, 163, 164, 171, 173, 174, 176, 177, 186, 187, 188, 192, 193, 194, 195, 196, 197, 198, 200, 201, 218, 219, 221, 222, 223, 226, 228, 229, 230, 231, 233, 235, 236, 246, 247, 252, 253, 257, 258, 266, 267, 268, 269, 272, 273, 274, 275, 277, 291, 292, 293, 294, 295, 300, 301, 305, 306, 307, 308, 309, 310, 311], "summary": {"covered_lines": 97, "num_statements": 97, "percent_covered": 100.0, "percent_covered_display": "100", "missing_lines": 0, "excluded_lines": 0, "percent_statements_covered": 100.0, "percent_statements_covered_display": "100"}, "missing_lines": [], "excluded_lines": [], "start_line": 52}, "": {"executed_lines": [10, 12, 13, 14, 15, 16, 17, 19, 22, 24, 25, 26, 29, 30, 32, 33, 34, 35, 36, 37, 40, 41, 43, 44, 45, 46, 47, 48, 49, 52, 58, 62, 106, 152, 207, 238, 264, 283], "summary": {"covered_lines": 38, "num_statements": 38, "percent_covered": 100.0, "percent_covered_display": "100", "missing_lines": 0, "excluded_lines": 0, "percent_statements_covered": 100.0, "percent_statements_covered_display": "100"}, "missing_lines": [], "excluded_lines": [], "start_line": 1}}}, "fusion_multi_node/distributed_mlx/kv_cache_sharing.py": {"executed_lines": [10, 12, 13, 14, 15, 16, 17, 18, 20, 23, 24, 26, 27, 28, 29, 30, 31, 32, 33, 34, 35, 38, 39, 41, 42, 43, 44, 45, 46, 47, 48, 49, 50, 52, 53, 54, 57, 67, 73, 74, 75, 78, 79, 82, 85, 88, 89, 90, 91, 95, 98, 99, 101, 102, 103, 105, 107, 109, 110, 111, 112, 113, 115, 116, 119, 120, 121, 123, 125, 126, 127, 128, 129, 130, 132, 134, 135, 138, 139, 140, 144, 151, 153, 154, 155, 156, 163, 164, 165, 166, 167, 168, 169, 171, 173, 180, 182, 183, 185, 193, 194, 195, 196, 200, 207, 209, 211, 212, 213, 214, 215, 216, 224, 225, 226, 232, 233, 234, 235, 237, 238, 242, 244, 245, 255, 257, 258, 272, 275, 276, 277, 278, 280, 282, 283, 285, 287, 291, 293, 295, 296, 297, 303, 304], "summary": {"covered_lines": 144, "num_statements": 149, "percent_covered": 96.64429530201342, "percent_covered_display": "97", "missing_lines": 5, "excluded_lines": 0, "percent_statements_covered": 96.64429530201342, "percent_statements_covered_display": "97"}, "missing_lines": [136, 298, 299, 300, 301], "excluded_lines": [], "functions": {"KVCacheEntry.is_expired": {"executed_lines": [54], "summary": {"covered_lines": 1, "num_statements": 1, "percent_covered": 100.0, "percent_covered_display": "100", "missing_lines": 0, "excluded_lines": 0, "percent_statements_covered": 100.0, "percent_statements_covered_display": "100"}, "missing_lines": [], "excluded_lines": [], "start_line": 53}, "KVSharingManager.__init__": {"executed_lines": [73, 74, 75, 78, 79, 82, 85, 88, 89, 90, 91], "summary": {"covered_lines": 11, "num_statements": 11, "percent_covered": 100.0, "percent_covered_display": "100", "missing_lines": 0, "excluded_lines": 0, "percent_statements_covered": 100.0, "percent_statements_covered_display": "100"}, "missing_lines": [], "excluded_lines": [], "start_line": 67}, "KVSharingManager.store_local": {"executed_lines": [98, 99, 101, 102, 103, 105], "summary": {"covered_lines": 6, "num_statements": 6, "percent_covered": 100.0, "percent_covered_display": "100", "missing_lines": 0, "excluded_lines": 0, "percent_statements_covered": 100.0, "percent_statements_covered_display": "100"}, "missing_lines": [], "excluded_lines": [], "start_line": 95}, "KVSharingManager.lookup_local": {"executed_lines": [109, 110, 111, 112, 113, 115, 116, 119, 120, 121], "summary": {"covered_lines": 10, "num_statements": 10, "percent_covered": 100.0, "percent_covered_display": "100", "missing_lines": 0, "excluded_lines": 0, "percent_statements_covered": 100.0, "percent_statements_covered_display": "100"}, "missing_lines": [], "excluded_lines": [], "start_line": 107}, "KVSharingManager.lookup_prefix": {"executed_lines": [125, 126, 127, 128, 129, 130], "summary": {"covered_lines": 6, "num_statements": 6, "percent_covered": 100.0, "percent_covered_display": "100", "missing_lines": 0, "excluded_lines": 0, "percent_statements_covered": 100.0, "percent_statements_covered_display": "100"}, "missing_lines": [], "excluded_lines": [], "start_line": 123}, "KVSharingManager._evict": {"executed_lines": [134, 135, 138, 139, 140], "summary": {"covered_lines": 5, "num_statements": 6, "percent_covered": 83.33333333333333, "percent_covered_display": "83", "missing_lines": 1, "excluded_lines": 0, "percent_statements_covered": 83.33333333333333, "percent_statements_covered_display": "83"}, "missing_lines": [136], "excluded_lines": [], "start_line": 132}, "KVSharingManager.lookup_remote": {"executed_lines": [151, 153, 154, 155, 156, 163, 164, 165, 166, 167, 168, 169, 171], "summary": {"covered_lines": 13, "num_statements": 13, "percent_covered": 100.0, "percent_covered_display": "100", "missing_lines": 0, "excluded_lines": 0, "percent_statements_covered": 100.0, "percent_statements_covered_display": "100"}, "missing_lines": [], "excluded_lines": [], "start_line": 144}, "KVSharingManager.transfer_from_remote": {"executed_lines": [180, 182, 183, 185, 193, 194, 195, 196], "summary": {"covered_lines": 8, "num_statements": 8, "percent_covered": 100.0, "percent_covered_display": "100", "missing_lines": 0, "excluded_lines": 0, "percent_statements_covered": 100.0, "percent_statements_covered_display": "100"}, "missing_lines": [], "excluded_lines": [], "start_line": 173}, "KVSharingManager.warm_cache": {"executed_lines": [207, 209, 211, 212, 213, 214, 215, 216, 224, 225, 226, 232, 233, 234, 235, 237, 238], "summary": {"covered_lines": 17, "num_statements": 17, "percent_covered": 100.0, "percent_covered_display": "100", "missing_lines": 0, "excluded_lines": 0, "percent_statements_covered": 100.0, "percent_statements_covered_display": "100"}, "missing_lines": [], "excluded_lines": [], "start_line": 200}, "KVSharingManager.get_stats": {"executed_lines": [244, 245], "summary": {"covered_lines": 2, "num_statements": 2, "percent_covered": 100.0, "percent_covered_display": "100", "missing_lines": 0, "excluded_lines": 0, "percent_statements_covered": 100.0, "percent_statements_covered_display": "100"}, "missing_lines": [], "excluded_lines": [], "start_line": 242}, "KVSharingManager._deserialize_entry": {"executed_lines": [257, 258], "summary": {"covered_lines": 2, "num_statements": 2, "percent_covered": 100.0, "percent_covered_display": "100", "missing_lines": 0, "excluded_lines": 0, "percent_statements_covered": 100.0, "percent_statements_covered_display": "100"}, "missing_lines": [], "excluded_lines": [], "start_line": 255}, "KVCacheWarmScheduler.__init__": {"executed_lines": [276, 277, 278], "summary": {"covered_lines": 3, "num_statements": 3, "percent_covered": 100.0, "percent_covered_display": "100", "missing_lines": 0, "excluded_lines": 0, "percent_statements_covered": 100.0, "percent_statements_covered_display": "100"}, "missing_lines": [], "excluded_lines": [], "start_line": 275}, "KVCacheWarmScheduler.record_prompt": {"executed_lines": [282, 283], "summary": {"covered_lines": 2, "num_statements": 2, "percent_covered": 100.0, "percent_covered_display": "100", "missing_lines": 0, "excluded_lines": 0, "percent_statements_covered": 100.0, "percent_statements_covered_display": "100"}, "missing_lines": [], "excluded_lines": [], "start_line": 280}, "KVCacheWarmScheduler.get_hot_prompts": {"executed_lines": [287, 291], "summary": {"covered_lines": 2, "num_statements": 2, "percent_covered": 100.0, "percent_covered_display": "100", "missing_lines": 0, "excluded_lines": 0, "percent_statements_covered": 100.0, "percent_statements_covered_display": "100"}, "missing_lines": [], "excluded_lines": [], "start_line": 285}, "KVCacheWarmScheduler.start": {"executed_lines": [295, 296, 297], "summary": {"covered_lines": 3, "num_statements": 7, "percent_covered": 42.857142857142854, "percent_covered_display": "43", "missing_lines": 4, "excluded_lines": 0, "percent_statements_covered": 42.857142857142854, "percent_statements_covered_display": "43"}, "missing_lines": [298, 299, 300, 301], "excluded_lines": [], "start_line": 293}, "KVCacheWarmScheduler.stop": {"executed_lines": [304], "summary": {"covered_lines": 1, "num_statements": 1, "percent_covered": 100.0, "percent_covered_display": "100", "missing_lines": 0, "excluded_lines": 0, "percent_statements_covered": 100.0, "percent_statements_covered_display": "100"}, "missing_lines": [], "excluded_lines": [], "start_line": 303}, "": {"executed_lines": [10, 12, 13, 14, 15, 16, 17, 18, 20, 23, 24, 26, 27, 28, 29, 30, 31, 32, 33, 34, 35, 38, 39, 41, 42, 43, 44, 45, 46, 47, 48, 49, 50, 52, 53, 57, 67, 95, 107, 123, 132, 144, 173, 200, 242, 255, 272, 275, 280, 285, 293, 303], "summary": {"covered_lines": 52, "num_statements": 52, "percent_covered": 100.0, "percent_covered_display": "100", "missing_lines": 0, "excluded_lines": 0, "percent_statements_covered": 100.0, "percent_statements_covered_display": "100"}, "missing_lines": [], "excluded_lines": [], "start_line": 1}}, "classes": {"KVShard": {"executed_lines": [], "summary": {"covered_lines": 0, "num_statements": 0, "percent_covered": 100.0, "percent_covered_display": "100", "missing_lines": 0, "excluded_lines": 0, "percent_statements_covered": 100.0, "percent_statements_covered_display": "100"}, "missing_lines": [], "excluded_lines": [], "start_line": 24}, "KVCacheEntry": {"executed_lines": [54], "summary": {"covered_lines": 1, "num_statements": 1, "percent_covered": 100.0, "percent_covered_display": "100", "missing_lines": 0, "excluded_lines": 0, "percent_statements_covered": 100.0, "percent_statements_covered_display": "100"}, "missing_lines": [], "excluded_lines": [], "start_line": 39}, "KVSharingManager": {"executed_lines": [73, 74, 75, 78, 79, 82, 85, 88, 89, 90, 91, 98, 99, 101, 102, 103, 105, 109, 110, 111, 112, 113, 115, 116, 119, 120, 121, 125, 126, 127, 128, 129, 130, 134, 135, 138, 139, 140, 151, 153, 154, 155, 156, 163, 164, 165, 166, 167, 168, 169, 171, 180, 182, 183, 185, 193, 194, 195, 196, 207, 209, 211, 212, 213, 214, 215, 216, 224, 225, 226, 232, 233, 234, 235, 237, 238, 244, 245, 257, 258], "summary": {"covered_lines": 80, "num_statements": 81, "percent_covered": 98.76543209876543, "percent_covered_display": "99", "missing_lines": 1, "excluded_lines": 0, "percent_statements_covered": 98.76543209876543, "percent_statements_covered_display": "99"}, "missing_lines": [136], "excluded_lines": [], "start_line": 57}, "KVCacheWarmScheduler": {"executed_lines": [276, 277, 278, 282, 283, 287, 291, 295, 296, 297, 304], "summary": {"covered_lines": 11, "num_statements": 15, "percent_covered": 73.33333333333333, "percent_covered_display": "73", "missing_lines": 4, "excluded_lines": 0, "percent_statements_covered": 73.33333333333333, "percent_statements_covered_display": "73"}, "missing_lines": [298, 299, 300, 301], "excluded_lines": [], "start_line": 272}, "": {"executed_lines": [10, 12, 13, 14, 15, 16, 17, 18, 20, 23, 24, 26, 27, 28, 29, 30, 31, 32, 33, 34, 35, 38, 39, 41, 42, 43, 44, 45, 46, 47, 48, 49, 50, 52, 53, 57, 67, 95, 107, 123, 132, 144, 173, 200, 242, 255, 272, 275, 280, 285, 293, 303], "summary": {"covered_lines": 52, "num_statements": 52, "percent_covered": 100.0, "percent_covered_display": "100", "missing_lines": 0, "excluded_lines": 0, "percent_statements_covered": 100.0, "percent_statements_covered_display": "100"}, "missing_lines": [], "excluded_lines": [], "start_line": 1}}}, "fusion_multi_node/master/__init__.py": {"executed_lines": [3, 13], "summary": {"covered_lines": 2, "num_statements": 2, "percent_covered": 100.0, "percent_covered_display": "100", "missing_lines": 0, "excluded_lines": 0, "percent_statements_covered": 100.0, "percent_statements_covered_display": "100"}, "missing_lines": [], "excluded_lines": [], "functions": {"": {"executed_lines": [3, 13], "summary": {"covered_lines": 2, "num_statements": 2, "percent_covered": 100.0, "percent_covered_display": "100", "missing_lines": 0, "excluded_lines": 0, "percent_statements_covered": 100.0, "percent_statements_covered_display": "100"}, "missing_lines": [], "excluded_lines": [], "start_line": 1}}, "classes": {"": {"executed_lines": [3, 13], "summary": {"covered_lines": 2, "num_statements": 2, "percent_covered": 100.0, "percent_covered_display": "100", "missing_lines": 0, "excluded_lines": 0, "percent_statements_covered": 100.0, "percent_statements_covered_display": "100"}, "missing_lines": [], "excluded_lines": [], "start_line": 1}}}, "fusion_multi_node/master/cluster_master.py": {"executed_lines": [11, 13, 14, 15, 16, 17, 18, 19, 20, 22, 27, 28, 29, 30, 31, 34, 35, 36, 39, 40, 41, 42, 43, 44, 45, 48, 49, 51, 52, 53, 54, 55, 56, 57, 58, 59, 60, 61, 62, 63, 64, 65, 66, 68, 69, 71, 72, 73, 74, 77, 78, 80, 81, 82, 83, 84, 85, 86, 87, 88, 89, 90, 91, 92, 95, 96, 98, 99, 100, 101, 102, 103, 104, 109, 115, 122, 123, 124, 125, 128, 129, 130, 133, 134, 138, 140, 141, 142, 143, 145, 147, 148, 150, 152, 153, 154, 155, 156, 157, 159, 160, 161, 163, 165, 166, 167, 168, 169, 170, 171, 172, 176, 192, 194, 195, 197, 199, 202, 204, 206, 208, 209, 211, 212, 213, 215, 216, 217, 218, 220, 221, 223, 224, 226, 228, 229, 230, 231, 232, 233, 235, 236, 237, 238, 240, 242, 243, 244, 246, 247, 249, 250, 251, 252, 255, 256, 257, 259, 261, 262, 263, 264, 265, 266, 267, 268, 269, 270, 272, 274, 275, 276, 277, 278, 279, 280, 281, 282, 283, 284, 285, 289, 291, 292, 294, 296, 297, 298, 299, 300, 301, 302, 304, 305, 306, 310, 312, 313, 314, 316, 318, 321, 326, 328, 329, 330, 332, 334, 335, 336, 337, 345, 348, 353, 355, 356, 357, 359, 361, 362, 371, 373, 374], "summary": {"covered_lines": 223, "num_statements": 235, "percent_covered": 94.8936170212766, "percent_covered_display": "95", "missing_lines": 12, "excluded_lines": 0, "percent_statements_covered": 94.8936170212766, "percent_statements_covered_display": "95"}, "missing_lines": [319, 322, 323, 324, 346, 349, 350, 351, 363, 365, 366, 367], "excluded_lines": [], "functions": {"NodeInfo.score": {"executed_lines": [71, 72, 73, 74], "summary": {"covered_lines": 4, "num_statements": 4, "percent_covered": 100.0, "percent_covered_display": "100", "missing_lines": 0, "excluded_lines": 0, "percent_statements_covered": 100.0, "percent_statements_covered_display": "100"}, "missing_lines": [], "excluded_lines": [], "start_line": 69}, "ClusterMaster.__init__": {"executed_lines": [122, 123, 124, 125, 128, 129, 130, 133, 134], "summary": {"covered_lines": 9, "num_statements": 9, "percent_covered": 100.0, "percent_covered_display": "100", "missing_lines": 0, "excluded_lines": 0, "percent_statements_covered": 100.0, "percent_statements_covered_display": "100"}, "missing_lines": [], "excluded_lines": [], "start_line": 115}, "ClusterMaster.register_node": {"executed_lines": [140, 141, 142, 143], "summary": {"covered_lines": 4, "num_statements": 4, "percent_covered": 100.0, "percent_covered_display": "100", "missing_lines": 0, "excluded_lines": 0, "percent_
[...]
[], "excluded_lines": [], "start_line": 28}, "HeartbeatRequest": {"executed_lines": [], "summary": {"covered_lines": 0, "num_statements": 0, "percent_covered": 100.0, "percent_covered_display": "100", "missing_lines": 0, "excluded_lines": 0, "percent_statements_covered": 100.0, "percent_statements_covered_display": "100"}, "missing_lines": [], "excluded_lines": [], "start_line": 45}, "FaultReportRequest": {"executed_lines": [], "summary": {"covered_lines": 0, "num_statements": 0, "percent_covered": 100.0, "percent_covered_display": "100", "missing_lines": 0, "excluded_lines": 0, "percent_statements_covered": 100.0, "percent_statements_covered_display": "100"}, "missing_lines": [], "excluded_lines": [], "start_line": 51}, "TaskSubmitRequest": {"executed_lines": [], "summary": {"covered_lines": 0, "num_statements": 0, "percent_covered": 100.0, "percent_covered_display": "100", "missing_lines": 0, "excluded_lines": 0, "percent_statements_covered": 100.0, "percent_statements_covered_display": "100"}, "missing_lines": [], "excluded_lines": [], "start_line": 57}, "TaskCancelRequest": {"executed_lines": [], "summary": {"covered_lines": 0, "num_statements": 0, "percent_covered": 100.0, "percent_covered_display": "100", "missing_lines": 0, "excluded_lines": 0, "percent_statements_covered": 100.0, "percent_statements_covered_display": "100"}, "missing_lines": [], "excluded_lines": [], "start_line": 65}, "KVRegisterRequest": {"executed_lines": [], "summary": {"covered_lines": 0, "num_statements": 0, "percent_covered": 100.0, "percent_covered_display": "100", "missing_lines": 0, "excluded_lines": 0, "percent_statements_covered": 100.0, "percent_statements_covered_display": "100"}, "missing_lines": [], "excluded_lines": [], "start_line": 69}, "TaskResponse": {"executed_lines": [], "summary": {"covered_lines": 0, "num_statements": 0, "percent_covered": 100.0, "percent_covered_display": "100", "missing_lines": 0, "excluded_lines": 0, "percent_statements_covered": 100.0, "percent_statements_covered_display": "100"}, "missing_lines": [], "excluded_lines": [], "start_line": 77}, "NodeResponse": {"executed_lines": [], "summary": {"covered_lines": 0, "num_statements": 0, "percent_covered": 100.0, "percent_covered_display": "100", "missing_lines": 0, "excluded_lines": 0, "percent_statements_covered": 100.0, "percent_statements_covered_display": "100"}, "missing_lines": [], "excluded_lines": [], "start_line": 90}, "MasterServer": {"executed_lines": [112, 113, 114, 115, 118, 120, 121, 122, 126, 127, 128, 146, 147, 148, 150, 151, 152, 153, 154, 155, 156, 157, 158, 159, 160, 161, 162, 163, 165, 166, 167, 168, 169, 170, 171, 173, 174, 175, 176, 182, 183, 184, 185, 186, 187, 189, 190, 191, 192, 196, 197, 198, 199, 208, 209, 210, 211, 213, 214, 215, 220, 221, 222, 223, 224, 225, 227, 228, 229, 230, 231, 232, 233, 234, 235, 237, 238, 239, 240, 241, 242, 246, 247, 248, 256, 257, 259, 260, 261, 262, 263, 264, 274, 275, 276, 279, 280, 281, 282, 283, 284, 287, 288, 289, 290], "summary": {"covered_lines": 105, "num_statements": 105, "percent_covered": 100.0, "percent_covered_display": "100", "missing_lines": 0, "excluded_lines": 0, "percent_statements_covered": 100.0, "percent_statements_covered_display": "100"}, "missing_lines": [], "excluded_lines": [], "start_line": 108}, "": {"executed_lines": [3, 5, 6, 7, 8, 10, 11, 13, 23, 28, 29, 30, 31, 32, 33, 34, 35, 36, 37, 38, 39, 40, 41, 42, 45, 46, 47, 48, 51, 52, 53, 54, 57, 58, 59, 60, 61, 62, 65, 66, 69, 70, 71, 72, 73, 74, 77, 78, 79, 80, 81, 82, 83, 84, 85, 86, 87, 90, 91, 92, 93, 94, 95, 96, 97, 98, 99, 100, 101, 102, 103, 108, 111, 117, 278, 286, 293, 294, 311, 312], "summary": {"covered_lines": 80, "num_statements": 80, "percent_covered": 100.0, "percent_covered_display": "100", "missing_lines": 0, "excluded_lines": 0, "percent_statements_covered": 100.0, "percent_statements_covered_display": "100"}, "missing_lines": [], "excluded_lines": [], "start_line": 1}}}, "fusion_multi_node/utils/__init__.py": {"executed_lines": [3, 4, 6], "summary": {"covered_lines": 3, "num_statements": 3, "percent_covered": 100.0, "percent_covered_display": "100", "missing_lines": 0, "excluded_lines": 0, "percent_statements_covered": 100.0, "percent_statements_covered_display": "100"}, "missing_lines": [], "excluded_lines": [], "functions": {"": {"executed_lines": [3, 4, 6], "summary": {"covered_lines": 3, "num_statements": 3, "percent_covered": 100.0, "percent_covered_display": "100", "missing_lines": 0, "excluded_lines": 0, "percent_statements_covered": 100.0, "percent_statements_covered_display": "100"}, "missing_lines": [], "excluded_lines": [], "start_line": 1}}, "classes": {"": {"executed_lines": [3, 4, 6], "summary": {"covered_lines": 3, "num_statements": 3, "percent_covered": 100.0, "percent_covered_display": "100", "missing_lines": 0, "excluded_lines": 0, "percent_statements_covered": 100.0, "percent_statements_covered_display": "100"}, "missing_lines": [], "excluded_lines": [], "start_line": 1}}}, "fusion_multi_node/utils/network_topology.py": {"executed_lines": [9, 11, 12, 13, 14, 15, 16, 17, 18, 19, 20, 22, 25, 27, 28, 29, 30, 31, 32, 33, 34, 35, 38, 39, 41, 42, 43, 44, 45, 46, 47, 50, 51, 53, 54, 55, 56, 57, 58, 61, 64, 65, 66, 67, 69, 71, 74, 76, 78, 80, 82, 83, 84, 85, 87, 89, 91, 92, 96, 99, 100, 101, 104, 108, 110, 111, 112, 113, 114, 115, 125, 126, 128, 130, 131, 135, 137, 138, 140, 141, 142, 143, 144, 145, 155, 156, 158, 160, 161, 165, 166, 167, 168, 169, 170, 171, 172, 173, 182, 183, 185, 187, 197, 199, 200, 205, 206, 207, 208, 209, 210, 211, 213, 214, 215, 216, 217, 218, 219, 220, 222, 223, 224, 225, 226, 227, 229, 230, 231, 232, 233, 234, 236, 238, 249, 251, 253, 254, 258, 259, 260, 262, 263, 264, 265, 266, 267, 268, 269, 270, 272, 275, 276, 277, 279, 281, 282, 283, 284, 285, 289, 290, 291, 292, 293, 295, 296, 297, 299, 301, 302, 303, 304, 306, 308, 309, 311, 313, 314, 316, 318, 319, 321, 323, 328, 330, 331, 332, 333, 334, 335, 336, 338], "summary": {"covered_lines": 193, "num_statements": 193, "percent_covered": 100.0, "percent_covered_display": "100", "missing_lines": 0, "excluded_lines": 0, "percent_statements_covered": 100.0, "percent_statements_covered_display": "100"}, "missing_lines": [], "excluded_lines": [], "functions": {"NetworkTopologyDetector.__init__": {"executed_lines": [65, 66, 67], "summary": {"covered_lines": 3, "num_statements": 3, "percent_covered": 100.0, "percent_covered_display": "100", "missing_lines": 0, "excluded_lines": 0, "percent_statements_covered": 100.0, "percent_statements_covered_display": "100"}, "missing_lines": [], "excluded_lines": [], "start_line": 64}, "NetworkTopologyDetector.detect": {"executed_lines": [71, 74, 76, 78, 80, 82, 83, 84, 85, 87], "summary": {"covered_lines": 10, "num_statements": 10, "percent_covered": 100.0, "percent_covered_display": "100", "missing_lines": 0, "excluded_lines": 0, "percent_statements_covered": 100.0, "percent_statements_covered_display": "100"}, "missing_lines": [], "excluded_lines": [], "start_line": 69}, "NetworkTopologyDetector._detect_thunderbolt": {"executed_lines": [91, 92, 96, 99, 100, 101, 104, 108, 110, 111, 112, 113, 114, 115, 125, 126], "summary": {"covered_lines": 16, "num_statements": 16, "percent_covered": 100.0, "percent_covered_display": "100", "missing_lines": 0, "excluded_lines": 0, "percent_statements_covered": 100.0, "percent_statements_covered_display": "100"}, "missing_lines": [], "excluded_lines": [], "start_line": 89}, "NetworkTopologyDetector._detect_ethernet": {"executed_lines": [130, 131, 135, 137, 138, 140, 141, 142, 143, 144, 145, 155, 156], "summary": {"covered_lines": 13, "num_statements": 13, "percent_covered": 100.0, "percent_covered_display": "100", "missing_lines": 0, "excluded_lines": 0, "percent_statements_covered": 100.0, "percent_statements_covered_display": "100"}, "missing_lines": [], "excluded_lines": [], "start_line": 128}, "NetworkTopologyDetector._detect_wifi": {"executed_lines": [160, 161, 165, 166, 167, 168, 169, 170, 171, 172, 173, 182, 183], "summary": {"covered_lines": 13, "num_statements": 13, "percent_covered": 100.0, "percent_covered_display": "100", "missing_lines": 0, "excluded_lines": 0, "percent_statements_covered": 100.0, "percent_statements_covered_display": "100"}, "missing_lines": [], "excluded_lines": [], "start_line": 158}, "NetworkTopologyDetector._detect_loopback": {"executed_lines": [187], "summary": {"covered_lines": 1, "num_statements": 1, "percent_covered": 100.0, "percent_covered_display": "100", "missing_lines": 0, "excluded_lines": 0, "percent_statements_covered": 100.0, "percent_statements_covered_display": "100"}, "missing_lines": [], "excluded_lines": [], "start_line": 185}, "NetworkTopologyDetector._get_interface_type": {"executed_lines": [199, 200, 205, 206, 207, 208, 209, 210, 211], "summary": {"covered_lines": 9, "num_statements": 9, "percent_covered": 100.0, "percent_covered_display": "100", "missing_lines": 0, "excluded_lines": 0, "percent_statements_covered": 100.0, "percent_statements_covered_display": "100"}, "missing_lines": [], "excluded_lines": [], "start_line": 197}, "NetworkTopologyDetector._classify_thunderbolt": {"executed_lines": [214, 215, 216, 217, 218, 219, 220], "summary": {"covered_lines": 7, "num_statements": 7, "percent_covered": 100.0, "percent_covered_display": "100", "missing_lines": 0, "excluded_lines": 0, "percent_statements_covered": 100.0, "percent_statements_covered_display": "100"}, "missing_lines": [], "excluded_lines": [], "start_line": 213}, "NetworkTopologyDetector._classify_ethernet": {"executed_lines": [223, 224, 225, 226, 227], "summary": {"covered_lines": 5, "num_statements": 5, "percent_covered": 100.0, "percent_covered_display": "100", "missing_lines": 0, "excluded_lines": 0, "percent_statements_covered": 100.0, "percent_statements_covered_display": "100"}, "missing_lines": [], "excluded_lines": [], "start_line": 222}, "NetworkTopologyDetector._classify_wifi": {"executed_lines": [230, 231, 232, 233, 234], "summary": {"covered_lines": 5, "num_statements": 5, "percent_covered": 100.0, "percent_covered_display": "100", "missing_lines": 0, "excluded_lines": 0, "percent_statements_covered": 100.0, "percent_statements_covered_display": "100"}, "missing_lines": [], "excluded_lines": [], "start_line": 229}, "NetworkTopologyDetector._get_priority": {"executed_lines": [238, 249], "summary": {"covered_lines": 2, "num_statements": 2, "percent_covered": 100.0, "percent_covered_display": "100", "missing_lines": 0, "excluded_lines": 0, "percent_statements_covered": 100.0, "percent_statements_covered_display": "100"}, "missing_lines": [], "excluded_lines": [], "start_line": 236}, "NetworkTopologyDetector._measure_interface_speed": {"executed_lines": [253, 254, 258, 259, 260, 262, 263, 264, 265, 266, 267, 268, 269, 270], "summary": {"covered_lines": 14, "num_statements": 14, "percent_covered": 100.0, "percent_covered_display": "100", "missing_lines": 0, "excluded_lines": 0, "percent_statements_covered": 100.0, "percent_statements_covered_display": "100"}, "missing_lines": [], "excluded_lines": [], "start_line": 251}, "NetworkTopologyDetector._measure_latency": {"executed_lines": [275, 276, 277], "summary": {"covered_lines": 3, "num_statements": 3, "percent_covered": 100.0, "percent_covered_display": "100", "missing_lines": 0, "excluded_lines": 0, "percent_statements_covered": 100.0, "percent_statements_covered_display": "100"}, "missing_lines": [], "excluded_lines": [], "start_line": 272}, "NetworkTopologyDetector.measure_peer_latency": {"executed_lines": [281, 282, 283, 284, 285, 289, 290, 291, 292, 293, 295, 296, 297], "summary": {"covered_lines": 13, "num_statements": 13, "percent_covered": 100.0, "percent_covered_display": "100", "missing_lines": 0, "excluded_lines": 0, "percent_statements_covered": 100.0, "percent_statements_covered_display": "100"}, "missing_lines": [], "excluded_lines": [], "start_line": 279}, "NetworkTopologyDetector.get_best_link": {"executed_lines": [301, 302, 303, 304], "summary": {"covered_lines": 4, "num_statements": 4, "percent_covered": 100.0, "percent_covered_display": "100", "missing_lines": 0, "excluded_lines": 0, "percent_statements_covered": 100.0, "percent_statements_covered_display": "100"}, "missing_lines": [], "excluded_lines": [], "start_line": 299}, "NetworkTopologyDetector.get_primary_interface": {"executed_lines": [308, 309], "summary": {"covered_lines": 2, "num_statements": 2, "percent_covered": 100.0, "percent_covered_display": "100", "missing_lines": 0, "excluded_lines": 0, "percent_statements_covered": 100.0, "percent_statements_covered_display": "100"}, "missing_lines": [], "excluded_lines": [], "start_line": 306}, "NetworkTopologyDetector.get_link_type": {"executed_lines": [313, 314], "summary": {"covered_lines": 2, "num_statements": 2, "percent_covered": 100.0, "percent_covered_display": "100", "missing_lines": 0, "excluded_lines": 0, "percent_statements_covered": 100.0, "percent_statements_covered_display": "100"}, "missing_lines": [], "excluded_lines": [], "start_line": 311}, "NetworkTopologyDetector.get_link_speed": {"executed_lines": [318, 319], "summary": {"covered_lines": 2, "num_statements": 2, "percent_covered": 100.0, "percent_covered_display": "100", "missing_lines": 0, "excluded_lines": 0, "percent_statements_covered": 100.0, "percent_statements_covered_display": "100"}, "missing_lines": [], "excluded_lines": [], "start_line": 316}, "NetworkTopologyDetector.is_thunderbolt_available": {"executed_lines": [323], "summary": {"covered_lines": 1, "num_statements": 1, "percent_covered": 100.0, "percent_covered_display": "100", "missing_lines": 0, "excluded_lines": 0, "percent_statements_covered": 100.0, "percent_statements_covered_display": "100"}, "missing_lines": [], "excluded_lines": [], "start_line": 321}, "NetworkTopologyDetector.get_recommended_compression": {"executed_lines": [330, 331, 332, 333, 334, 335, 336, 338], "summary": {"covered_lines": 8, "num_statements": 8, "percent_covered": 100.0, "percent_covered_display": "100", "missing_lines": 0, "excluded_lines": 0, "percent_statements_covered": 100.0, "percent_statements_covered_display": "100"}, "missing_lines": [], "excluded_lines": [], "start_line": 328}, "": {"executed_lines": [9, 11, 12, 13, 14, 15, 16, 17, 18, 19, 20, 22, 25, 27, 28, 29, 30, 31, 32, 33, 34, 35, 38, 39, 41, 42, 43, 44, 45, 46, 47, 50, 51, 53, 54, 55, 56, 57, 58, 61, 64, 69, 89, 128, 158, 185, 197, 213, 222, 229, 236, 251, 272, 279, 299, 306, 311, 316, 321, 328], "summary": {"covered_lines": 60, "num_statements": 60, "percent_covered": 100.0, "percent_covered_display": "100", "missing_lines": 0, "excluded_lines": 0, "percent_statements_covered": 100.0, "percent_statements_covered_display": "100"}, "missing_lines": [], "excluded_lines": [], "start_line": 1}}, "classes": {"LinkType": {"executed_lines": [], "summary": {"covered_lines": 0, "num_statements": 0, "percent_covered": 100.0, "percent_covered_display": "100", "missing_lines": 0, "excluded_lines": 0, "percent_statements_covered": 100.0, "percent_statements_covered_display": "100"}, "missing_lines": [], "excluded_lines": [], "start_line": 25}, "LinkInfo": {"executed_lines": [], "summary": {"covered_lines": 0, "num_statements": 0, "percent_covered": 100.0, "percent_covered_display": "100", "missing_lines": 0, "excluded_lines": 0, "percent_statements_covered": 100.0, "percent_statements_covered_display": "100"}, "missing_lines": [], "excluded_lines": [], "start_line": 39}, "NetworkPath": {"executed_lines": [], "summary": {"covered_lines": 0, "num_statements": 0, "percent_covered": 100.0, "percent_covered_display": "100", "missing_lines": 0, "excluded_lines": 0, "percent_statements_covered": 100.0, "percent_statements_covered_display": "100"}, "missing_lines": [], "excluded_lines": [], "start_line": 51}, "NetworkTopologyDetector": {"executed_lines": [65, 66, 67, 71, 74, 76, 78, 80, 82, 83, 84, 85, 87, 91, 92, 96, 99, 100, 101, 104, 108, 110, 111, 112, 113, 114, 115, 125, 126, 130, 131, 135, 137, 138, 140, 141, 142, 143, 144, 145, 155, 156, 160, 161, 165, 166, 167, 168, 169, 170, 171, 172, 173, 182, 183, 187, 199, 200, 205, 206, 207, 208, 209, 210, 211, 214, 215, 216, 217, 218, 219, 220, 223, 224, 225, 226, 227, 230, 231, 232, 233, 234, 238, 249, 253, 254, 258, 259, 260, 262, 263, 264, 265, 266, 267, 268, 269, 270, 275, 276, 277, 281, 282, 283, 284, 285, 289, 290, 291, 292, 293, 295, 296, 297, 301, 302, 303, 304, 308, 309, 313, 314, 318, 319, 323, 330, 331, 332, 333, 334, 335, 336, 338], "summary": {"covered_lines": 133, "num_statements": 133, "percent_covered": 100.0, "percent_covered_display": "100", "missing_lines": 0, "excluded_lines": 0, "percent_statements_covered": 100.0, "percent_statements_covered_display": "100"}, "missing_lines": [], "excluded_lines": [], "start_line": 61}, "": {"executed_lines": [9, 11, 12, 13, 14, 15, 16, 17, 18, 19, 20, 22, 25, 27, 28, 29, 30, 31, 32, 33, 34, 35, 38, 39, 41, 42, 43, 44, 45, 46, 47, 50, 51, 53, 54, 55, 56, 57, 58, 61, 64, 69, 89, 128, 158, 185, 197, 213, 222, 229, 236, 251, 272, 279, 299, 306, 311, 316, 321, 328], "summary": {"covered_lines": 60, "num_statements": 60, "percent_covered": 100.0, "percent_covered_display": "100", "missing_lines": 0, "excluded_lines": 0, "percent_statements_covered": 100.0, "percent_statements_covered_display": "100"}, "missing_lines": [], "excluded_lines": [], "start_line": 1}}}, "fusion_multi_node/utils/utils.py": {"executed_lines": [3, 5, 6, 7, 10, 16, 17, 19, 20, 21, 23, 24, 25, 27, 28, 29, 31, 34, 36, 37, 38, 41, 43, 44, 45], "summary": {"covered_lines": 25, "num_statements": 25, "percent_covered": 100.0, "percent_covered_display": "100", "missing_lines": 0, "excluded_lines": 0, "percent_statements_covered": 100.0, "percent_statements_covered_display": "100"}, "missing_lines": [], "excluded_lines": [], "functions": {"setup_logger": {"executed_lines": [16, 17, 19, 20, 21, 23, 24, 25, 27, 28, 29, 31], "summary": {"covered_lines": 12, "num_statements": 12, "percent_covered": 100.0, "percent_covered_display": "100", "missing_lines": 0, "excluded_lines": 0, "percent_statements_covered": 100.0, "percent_statements_covered_display": "100"}, "missing_lines": [], "excluded_lines": [], "start_line": 10}, "get_data_dir": {"executed_lines": [36, 37, 38], "summary": {"covered_lines": 3, "num_statements": 3, "percent_covered": 100.0, "percent_covered_display": "100", "missing_lines": 0, "excluded_lines": 0, "percent_statements_covered": 100.0, "percent_statements_covered_display": "100"}, "missing_lines": [], "excluded_lines": [], "start_line": 34}, "get_log_dir": {"executed_lines": [43, 44, 45], "summary": {"covered_lines": 3, "num_statements": 3, "percent_covered": 100.0, "percent_covered_display": "100", "missing_lines": 0, "excluded_lines": 0, "percent_statements_covered": 100.0, "percent_statements_covered_display": "100"}, "missing_lines": [], "excluded_lines": [], "start_line": 41}, "": {"executed_lines": [3, 5, 6, 7, 10, 34, 41], "summary": {"covered_lines": 7, "num_statements": 7, "percent_covered": 100.0, "percent_covered_display": "100", "missing_lines": 0, "excluded_lines": 0, "percent_statements_covered": 100.0, "percent_statements_covered_display": "100"}, "missing_lines": [], "excluded_lines": [], "start_line": 1}}, "classes": {"": {"executed_lines": [3, 5, 6, 7, 10, 16, 17, 19, 20, 21, 23, 24, 25, 27, 28, 29, 31, 34, 36, 37, 38, 41, 43, 44, 45], "summary": {"covered_lines": 25, "num_statements": 25, "percent_covered": 100.0, "percent_covered_display": "100", "missing_lines": 0, "excluded_lines": 0, "percent_statements_covered": 100.0, "percent_statements_covered_display": "100"}, "missing_lines": [], "excluded_lines": [], "start_line": 1}}}}, "totals": {"covered_lines": 2569, "num_statements": 2674, "percent_covered": 96.07329842931937, "percent_covered_display": "96", "missing_lines": 105, "excluded_lines": 0, "percent_statements_covered": 96.07329842931937, "percent_statements_covered_display": "96"}}